{"uuid":"61335321-25ca-402c-a8d5-e8a6f8cc5811","historyId":"f2732bd7ccd7370766d6c80229a36a2f","testCaseId":"[engine:junit-jupiter]/[class:CartTest]/[method:verifyCartDetailsTest()]","testCaseName":"verifyCartDetailsTest()","fullName":"CartTest.verifyCartDetailsTest","labels":[{"name":"tag","value":"Smoke"},{"name":"tag","value":"web"},{"name":"junit.platform.uniqueid","value":"[engine:junit-jupiter]/[class:CartTest]/[method:verifyCartDetailsTest()]"},{"name":"host","value":"MacBook-Air-Ajdaj.local"},{"name":"thread","value":"19714@MacBook-Air-Ajdaj.local.ForkJoinPool-1-worker-1(31)"},{"name":"framework","value":"junit-platform"},{"name":"language","value":"java"},{"name":"package","value":"CartTest"},{"name":"testClass","value":"CartTest"},{"name":"testMethod","value":"verifyCartDetailsTest"},{"name":"suite","value":"CartTest"}],"links":[],"name":"verifyCartDetailsTest()","status":"failed","statusDetails":{"known":false,"muted":false,"flaky":false,"message":"Invalid element state [By.xpath: (//p[normalize-space(text())='Blue Top']/ancestor::div[contains(@class,'product')]//a[contains(@class,'add-to-cart')])[1]]: element click intercepted: Element <a data-product-id=\"1\" class=\"btn btn-default add-to-cart\">...</a> is not clickable at point (826, 991). Other element would receive the click: <iframe id=\"aswift_2\" name=\"aswift_2\" browsingtopics=\"true\" style=\"min-height: auto; max-height: none; min-width: auto; max-width: none; width: 1005px !important; height: 124px !important; display: block; margin: 0px auto;\" sandbox=\"allow-forms allow-popups allow-popups-to-escape-sandbox allow-same-origin allow-scripts allow-top-navigation-by-user-activation\" width=\"1005\" height=\"124\" frameborder=\"0\" marginwidth=\"0\" marginheight=\"0\" vspace=\"0\" hspace=\"0\" allowtransparency=\"true\" scrolling=\"no\" allow=\"attribution-reporting; run-ad-auction\" src=\"https://googleads.g.doubleclick.net/pagead/html/r20250820/r20190131/zrt_lookup.html#RS-0-&amp;adk=1812271801&amp;client=ca-pub-1677597403311019&amp;fa=1&amp;ifi=3&amp;uci=a!3&amp;btvi=1\" data-google-container-id=\"a!3\" tabindex=\"0\" title=\"Advertisement\" aria-label=\"Advertisement\" data-google-query-id=\"CKabss3bm48DFRhGHgId_o4vvw\" data-load-complete=\"true\"></iframe>\nScreenshot: file:/Users/ajdajtalantbekova/IdeaProjects/Gucci/build/reports/tests/1755772867924.0.png\nPage source: file:/Users/ajdajtalantbekova/IdeaProjects/Gucci/build/reports/tests/1755772867924.0.html\nTimeout: 4 s.\nCaused by: ElementClickInterceptedException: element click intercepted: Element <a data-product-id=\"1\" class=\"btn btn-default add-to-cart\">...</a> is not clickable at point (826, 991). Other element would receive the click: <iframe id=\"aswift_2\" name=\"aswift_2\" browsingtopics=\"true\" style=\"min-height: auto; max-height: none; min-width: auto; max-width: none; width: 1005px !important; height: 124px !important; display: block; margin: 0px auto;\" sandbox=\"allow-forms allow-popups allow-popups-to-escape-sandbox allow-same-origin allow-scripts allow-top-navigation-by-user-activation\" width=\"1005\" height=\"124\" frameborder=\"0\" marginwidth=\"0\" marginheight=\"0\" vspace=\"0\" hspace=\"0\" allowtransparency=\"true\" scrolling=\"no\" allow=\"attribution-reporting; run-ad-auction\" src=\"https://googleads.g.doubleclick.net/pagead/html/r20250820/r20190131/zrt_lookup.html#RS-0-&amp;adk=1812271801&amp;client=ca-pub-1677597403311019&amp;fa=1&amp;ifi=3&amp;uci=a!3&amp;btvi=1\" data-google-container-id=\"a!3\" tabindex=\"0\" title=\"Advertisement\" aria-label=\"Advertisement\" data-google-query-id=\"CKabss3bm48DFRhGHgId_o4vvw\" data-load-complete=\"true\"></iframe>","trace":"Invalid element state [By.xpath: (//p[normalize-space(text())='Blue Top']/ancestor::div[contains(@class,'product')]//a[contains(@class,'add-to-cart')])[1]]: element click intercepted: Element <a data-product-id=\"1\" class=\"btn btn-default add-to-cart\">...</a> is not clickable at point (826, 991). Other element would receive the click: <iframe id=\"aswift_2\" name=\"aswift_2\" browsingtopics=\"true\" style=\"min-height: auto; max-height: none; min-width: auto; max-width: none; width: 1005px !important; height: 124px !important; display: block; margin: 0px auto;\" sandbox=\"allow-forms allow-popups allow-popups-to-escape-sandbox allow-same-origin allow-scripts allow-top-navigation-by-user-activation\" width=\"1005\" height=\"124\" frameborder=\"0\" marginwidth=\"0\" marginheight=\"0\" vspace=\"0\" hspace=\"0\" allowtransparency=\"true\" scrolling=\"no\" allow=\"attribution-reporting; run-ad-auction\" src=\"https://googleads.g.doubleclick.net/pagead/html/r20250820/r20190131/zrt_lookup.html#RS-0-&amp;adk=1812271801&amp;client=ca-pub-1677597403311019&amp;fa=1&amp;ifi=3&amp;uci=a!3&amp;btvi=1\" data-google-container-id=\"a!3\" tabindex=\"0\" title=\"Advertisement\" aria-label=\"Advertisement\" data-google-query-id=\"CKabss3bm48DFRhGHgId_o4vvw\" data-load-complete=\"true\"></iframe>\nScreenshot: file:/Users/ajdajtalantbekova/IdeaProjects/Gucci/build/reports/tests/1755772867924.0.png\nPage source: file:/Users/ajdajtalantbekova/IdeaProjects/Gucci/build/reports/tests/1755772867924.0.html\nTimeout: 4 s.\nCaused by: ElementClickInterceptedException: element click intercepted: Element <a data-product-id=\"1\" class=\"btn btn-default add-to-cart\">...</a> is not clickable at point (826, 991). Other element would receive the click: <iframe id=\"aswift_2\" name=\"aswift_2\" browsingtopics=\"true\" style=\"min-height: auto; max-height: none; min-width: auto; max-width: none; width: 1005px !important; height: 124px !important; display: block; margin: 0px auto;\" sandbox=\"allow-forms allow-popups allow-popups-to-escape-sandbox allow-same-origin allow-scripts allow-top-navigation-by-user-activation\" width=\"1005\" height=\"124\" frameborder=\"0\" marginwidth=\"0\" marginheight=\"0\" vspace=\"0\" hspace=\"0\" allowtransparency=\"true\" scrolling=\"no\" allow=\"attribution-reporting; run-ad-auction\" src=\"https://googleads.g.doubleclick.net/pagead/html/r20250820/r20190131/zrt_lookup.html#RS-0-&amp;adk=1812271801&amp;client=ca-pub-1677597403311019&amp;fa=1&amp;ifi=3&amp;uci=a!3&amp;btvi=1\" data-google-container-id=\"a!3\" tabindex=\"0\" title=\"Advertisement\" aria-label=\"Advertisement\" data-google-query-id=\"CKabss3bm48DFRhGHgId_o4vvw\" data-load-complete=\"true\"></iframe>\n\tat com.codeborne.selenide.impl.ExceptionWrapper.wrap(ExceptionWrapper.java:19)\n\tat com.codeborne.selenide.impl.SelenideElementProxy.dispatchAndRetry(SelenideElementProxy.java:153)\n\tat com.codeborne.selenide.impl.SelenideElementProxy.invoke(SelenideElementProxy.java:83)\n\tat jdk.proxy3/jdk.proxy3.$Proxy39.click(Unknown Source)\n\tat com.gucci.layers.web.page.home.HomePage.addProductToCart(HomePage.java:100)\n\tat CartTest.verifyCartDetailsTest(CartTest.java:59)\n\tat java.base/java.lang.reflect.Method.invoke(Method.java:580)\n\tat java.base/java.util.concurrent.RecursiveAction.exec(RecursiveAction.java:194)\n\tat java.base/java.util.concurrent.ForkJoinTask.doExec(ForkJoinTask.java:387)\n\tat java.base/java.util.concurrent.ForkJoinPool$WorkQueue.topLevelExec(ForkJoinPool.java:1312)\n\tat java.base/java.util.concurrent.ForkJoinPool.scan(ForkJoinPool.java:1843)\n\tat java.base/java.util.concurrent.ForkJoinPool.runWorker(ForkJoinPool.java:1808)\n\tat java.base/java.util.concurrent.ForkJoinWorkerThread.run(ForkJoinWorkerThread.java:188)\nCaused by: org.openqa.selenium.ElementClickInterceptedException: element click intercepted: Element <a data-product-id=\"1\" class=\"btn btn-default add-to-cart\">...</a> is not clickable at point (826, 991). Other element would receive the click: <iframe id=\"aswift_2\" name=\"aswift_2\" browsingtopics=\"true\" style=\"min-height: auto; max-height: none; min-width: auto; max-width: none; width: 1005px !important; height: 124px !important; display: block; margin: 0px auto;\" sandbox=\"allow-forms allow-popups allow-popups-to-escape-sandbox allow-same-origin allow-scripts allow-top-navigation-by-user-activation\" width=\"1005\" height=\"124\" frameborder=\"0\" marginwidth=\"0\" marginheight=\"0\" vspace=\"0\" hspace=\"0\" allowtransparency=\"true\" scrolling=\"no\" allow=\"attribution-reporting; run-ad-auction\" src=\"https://googleads.g.doubleclick.net/pagead/html/r20250820/r20190131/zrt_lookup.html#RS-0-&amp;adk=1812271801&amp;client=ca-pub-1677597403311019&amp;fa=1&amp;ifi=3&amp;uci=a!3&amp;btvi=1\" data-google-container-id=\"a!3\" tabindex=\"0\" title=\"Advertisement\" aria-label=\"Advertisement\" data-google-query-id=\"CKabss3bm48DFRhGHgId_o4vvw\" data-load-complete=\"true\"></iframe>\n  (Session info: chrome=139.0.7258.128)\nBuild info: version: '4.30.0', revision: '509c7f17cc*'\nSystem info: os.name: 'Mac OS X', os.arch: 'aarch64', os.version: '15.1', java.version: '21.0.7'\nDriver info: org.openqa.selenium.chrome.ChromeDriver\nCommand: [dd79fcd484a8b4fc4f2ec4b5a77e7c12, clickElement {id=f.C6E5380C4941B27DBF48297D26B12F2F.d.370711536946D22E8D8DE954F92F3B23.e.29}]\nCapabilities {acceptInsecureCerts: true, browserName: chrome, browserVersion: 139.0.7258.128, chrome: {chromedriverVersion: 139.0.7258.138 (884e54ea8d4..., userDataDir: /var/folders/2g/w_6ch50d66b...}, fedcm:accounts: true, goog:chromeOptions: {debuggerAddress: localhost:62325}, networkConnectionEnabled: false, pageLoadStrategy: normal, platformName: mac, proxy: Proxy(), se:cdp: ws://localhost:62325/devtoo..., se:cdpVersion: 139.0.7258.128, setWindowRect: true, strictFileInteractability: false, timeouts: {implicit: 0, pageLoad: 300000, script: 30000}, unhandledPromptBehavior: accept, webauthn:extension:credBlob: true, webauthn:extension:largeBlob: true, webauthn:extension:minPinLength: true, webauthn:extension:prf: true, webauthn:virtualAuthenticators: true}\nElement: [[ChromeDriver: chrome on mac (dd79fcd484a8b4fc4f2ec4b5a77e7c12)] -> xpath: (//p[normalize-space(text())='Blue Top']/ancestor::div[contains(@class,'product')]//a[contains(@class,'add-to-cart')])[1]]\nSession ID: dd79fcd484a8b4fc4f2ec4b5a77e7c12\n\tat java.base/jdk.internal.reflect.DirectConstructorHandleAccessor.newInstance(DirectConstructorHandleAccessor.java:62)\n\tat java.base/java.lang.reflect.Constructor.newInstanceWithCaller(Constructor.java:502)\n\tat java.base/java.lang.reflect.Constructor.newInstance(Constructor.java:486)\n\tat org.openqa.selenium.remote.ErrorCodec.decode(ErrorCodec.java:167)\n\tat org.openqa.selenium.remote.codec.w3c.W3CHttpResponseCodec.decode(W3CHttpResponseCodec.java:138)\n\tat org.openqa.selenium.remote.codec.w3c.W3CHttpResponseCodec.decode(W3CHttpResponseCodec.java:50)\n\tat org.openqa.selenium.remote.HttpCommandExecutor.execute(HttpCommandExecutor.java:215)\n\tat org.openqa.selenium.remote.service.DriverCommandExecutor.invokeExecute(DriverCommandExecutor.java:216)\n\tat org.openqa.selenium.remote.service.DriverCommandExecutor.execute(DriverCommandExecutor.java:174)\n\tat org.openqa.selenium.remote.RemoteWebDriver.execute(RemoteWebDriver.java:545)\n\tat org.openqa.selenium.remote.RemoteWebElement.execute(RemoteWebElement.java:223)\n\tat org.openqa.selenium.remote.RemoteWebElement.click(RemoteWebElement.java:76)\n\tat com.codeborne.selenide.commands.Click.defaultClick(Click.java:94)\n\tat com.codeborne.selenide.commands.Click.doClick(Click.java:72)\n\tat com.codeborne.selenide.commands.Click.click(Click.java:48)\n\tat com.codeborne.selenide.commands.Click.execute(Click.java:28)\n\tat com.codeborne.selenide.FluentCommand.execute(FluentCommand.java:27)\n\tat com.codeborne.selenide.FluentCommand.execute(FluentCommand.java:19)\n\tat com.codeborne.selenide.commands.Commands.execute(Commands.java:160)\n\tat com.codeborne.selenide.impl.SelenideElementProxy.dispatchAndRetry(SelenideElementProxy.java:131)\n\t... 11 more\n"},"stage":"finished","description":"","steps":[{"name":"$(\"open\") https://automationexercise.com/","status":"passed","stage":"finished","steps":[{"name":"$(\"webdriver\") create()","status":"passed","stage":"finished","steps":[],"attachments":[],"parameters":[],"start":1755772836510,"stop":1755772857830}],"attachments":[],"parameters":[],"start":1755772836507,"stop":1755772862639},{"name":"$(\"By.xpath: //a[@href='/' and contains(@style, 'orange')]\") should have(attribute style=\"color: orange;\")","status":"passed","stage":"finished","steps":[],"attachments":[],"parameters":[],"start":1755772862738,"stop":1755772862773},{"name":"Add product to cart from HomePage","status":"failed","statusDetails":{"known":false,"muted":false,"flaky":false,"message":"Invalid element state [By.xpath: (//p[normalize-space(text())='Blue Top']/ancestor::div[contains(@class,'product')]//a[contains(@class,'add-to-cart')])[1]]: element click intercepted: Element <a data-product-id=\"1\" class=\"btn btn-default add-to-cart\">...</a> is not clickable at point (826, 991). Other element would receive the click: <iframe id=\"aswift_2\" name=\"aswift_2\" browsingtopics=\"true\" style=\"min-height: auto; max-height: none; min-width: auto; max-width: none; width: 1005px !important; height: 124px !important; display: block; margin: 0px auto;\" sandbox=\"allow-forms allow-popups allow-popups-to-escape-sandbox allow-same-origin allow-scripts allow-top-navigation-by-user-activation\" width=\"1005\" height=\"124\" frameborder=\"0\" marginwidth=\"0\" marginheight=\"0\" vspace=\"0\" hspace=\"0\" allowtransparency=\"true\" scrolling=\"no\" allow=\"attribution-reporting; run-ad-auction\" src=\"https://googleads.g.doubleclick.net/pagead/html/r20250820/r20190131/zrt_lookup.html#RS-0-&amp;adk=1812271801&amp;client=ca-pub-1677597403311019&amp;fa=1&amp;ifi=3&amp;uci=a!3&amp;btvi=1\" data-google-container-id=\"a!3\" tabindex=\"0\" title=\"Advertisement\" aria-label=\"Advertisement\" data-google-query-id=\"CKabss3bm48DFRhGHgId_o4vvw\" data-load-complete=\"true\"></iframe>\nScreenshot: file:/Users/ajdajtalantbekova/IdeaProjects/Gucci/build/reports/tests/1755772867924.0.png\nPage source: file:/Users/ajdajtalantbekova/IdeaProjects/Gucci/build/reports/tests/1755772867924.0.html\nTimeout: 4 s.\nCaused by: ElementClickInterceptedException: element click intercepted: Element <a data-product-id=\"1\" class=\"btn btn-default add-to-cart\">...</a> is not clickable at point (826, 991). Other element would receive the click: <iframe id=\"aswift_2\" name=\"aswift_2\" browsingtopics=\"true\" style=\"min-height: auto; max-height: none; min-width: auto; max-width: none; width: 1005px !important; height: 124px !important; display: block; margin: 0px auto;\" sandbox=\"allow-forms allow-popups allow-popups-to-escape-sandbox allow-same-origin allow-scripts allow-top-navigation-by-user-activation\" width=\"1005\" height=\"124\" frameborder=\"0\" marginwidth=\"0\" marginheight=\"0\" vspace=\"0\" hspace=\"0\" allowtransparency=\"true\" scrolling=\"no\" allow=\"attribution-reporting; run-ad-auction\" src=\"https://googleads.g.doubleclick.net/pagead/html/r20250820/r20190131/zrt_lookup.html#RS-0-&amp;adk=1812271801&amp;client=ca-pub-1677597403311019&amp;fa=1&amp;ifi=3&amp;uci=a!3&amp;btvi=1\" data-google-container-id=\"a!3\" tabindex=\"0\" title=\"Advertisement\" aria-label=\"Advertisement\" data-google-query-id=\"CKabss3bm48DFRhGHgId_o4vvw\" data-load-complete=\"true\"></iframe>","trace":"Invalid element state [By.xpath: (//p[normalize-space(text())='Blue Top']/ancestor::div[contains(@class,'product')]//a[contains(@class,'add-to-cart')])[1]]: element click intercepted: Element <a data-product-id=\"1\" class=\"btn btn-default add-to-cart\">...</a> is not clickable at point (826, 991). Other element would receive the click: <iframe id=\"aswift_2\" name=\"aswift_2\" browsingtopics=\"true\" style=\"min-height: auto; max-height: none; min-width: auto; max-width: none; width: 1005px !important; height: 124px !important; display: block; margin: 0px auto;\" sandbox=\"allow-forms allow-popups allow-popups-to-escape-sandbox allow-same-origin allow-scripts allow-top-navigation-by-user-activation\" width=\"1005\" height=\"124\" frameborder=\"0\" marginwidth=\"0\" marginheight=\"0\" vspace=\"0\" hspace=\"0\" allowtransparency=\"true\" scrolling=\"no\" allow=\"attribution-reporting; run-ad-auction\" src=\"https://googleads.g.doubleclick.net/pagead/html/r20250820/r20190131/zrt_lookup.html#RS-0-&amp;adk=1812271801&amp;client=ca-pub-1677597403311019&amp;fa=1&amp;ifi=3&amp;uci=a!3&amp;btvi=1\" data-google-container-id=\"a!3\" tabindex=\"0\" title=\"Advertisement\" aria-label=\"Advertisement\" data-google-query-id=\"CKabss3bm48DFRhGHgId_o4vvw\" data-load-complete=\"true\"></iframe>\nScreenshot: file:/Users/ajdajtalantbekova/IdeaProjects/Gucci/build/reports/tests/1755772867924.0.png\nPage source: file:/Users/ajdajtalantbekova/IdeaProjects/Gucci/build/reports/tests/1755772867924.0.html\nTimeout: 4 s.\nCaused by: ElementClickInterceptedException: element click intercepted: Element <a data-product-id=\"1\" class=\"btn btn-default add-to-cart\">...</a> is not clickable at point (826, 991). Other element would receive the click: <iframe id=\"aswift_2\" name=\"aswift_2\" browsingtopics=\"true\" style=\"min-height: auto; max-height: none; min-width: auto; max-width: none; width: 1005px !important; height: 124px !important; display: block; margin: 0px auto;\" sandbox=\"allow-forms allow-popups allow-popups-to-escape-sandbox allow-same-origin allow-scripts allow-top-navigation-by-user-activation\" width=\"1005\" height=\"124\" frameborder=\"0\" marginwidth=\"0\" marginheight=\"0\" vspace=\"0\" hspace=\"0\" allowtransparency=\"true\" scrolling=\"no\" allow=\"attribution-reporting; run-ad-auction\" src=\"https://googleads.g.doubleclick.net/pagead/html/r20250820/r20190131/zrt_lookup.html#RS-0-&amp;adk=1812271801&amp;client=ca-pub-1677597403311019&amp;fa=1&amp;ifi=3&amp;uci=a!3&amp;btvi=1\" data-google-container-id=\"a!3\" tabindex=\"0\" title=\"Advertisement\" aria-label=\"Advertisement\" data-google-query-id=\"CKabss3bm48DFRhGHgId_o4vvw\" data-load-complete=\"true\"></iframe>\n\tat com.codeborne.selenide.impl.ExceptionWrapper.wrap(ExceptionWrapper.java:19)\n\tat com.codeborne.selenide.impl.SelenideElementProxy.dispatchAndRetry(SelenideElementProxy.java:153)\n\tat com.codeborne.selenide.impl.SelenideElementProxy.invoke(SelenideElementProxy.java:83)\n\tat jdk.proxy3/jdk.proxy3.$Proxy39.click(Unknown Source)\n\tat com.gucci.layers.web.page.home.HomePage.addProductToCart(HomePage.java:100)\n\tat CartTest.verifyCartDetailsTest(CartTest.java:59)\n\tat java.base/jdk.internal.reflect.DirectMethodHandleAccessor.invoke(DirectMethodHandleAccessor.java:103)\n\tat java.base/java.lang.reflect.Method.invoke(Method.java:580)\n\tat org.junit.platform.commons.util.ReflectionUtils.invokeMethod(ReflectionUtils.java:728)\n\tat org.junit.jupiter.engine.execution.MethodInvocation.proceed(MethodInvocation.java:60)\n\tat org.junit.jupiter.engine.execution.InvocationInterceptorChain$ValidatingInvocation.proceed(InvocationInterceptorChain.java:131)\n\tat org.junit.jupiter.api.extension.InvocationInterceptor.interceptTestMethod(InvocationInterceptor.java:119)\n\tat org.junit.jupiter.engine.execution.InterceptingExecutableInvoker$ReflectiveInterceptorCall.lambda$ofVoidMethod$0(InterceptingExecutableInvoker.java:103)\n\tat org.junit.jupiter.engine.execution.InterceptingExecutableInvoker.lambda$invoke$0(InterceptingExecutableInvoker.java:93)\n\tat org.junit.jupiter.engine.execution.InvocationInterceptorChain$InterceptedInvocation.proceed(InvocationInterceptorChain.java:106)\n\tat org.junit.jupiter.engine.extension.TimeoutExtension.intercept(TimeoutExtension.java:156)\n\tat org.junit.jupiter.engine.extension.TimeoutExtension.interceptTestableMethod(TimeoutExtension.java:147)\n\tat org.junit.jupiter.engine.extension.TimeoutExtension.interceptTestMethod(TimeoutExtension.java:86)\n\tat org.junit.jupiter.engine.execution.InterceptingExecutableInvoker$ReflectiveInterceptorCall.lambda$ofVoidMethod$0(InterceptingExecutableInvoker.java:103)\n\tat org.junit.jupiter.engine.execution.InterceptingExecutableInvoker.lambda$invoke$0(InterceptingExecutableInvoker.java:93)\n\tat org.junit.jupiter.engine.execution.InvocationInterceptorChain$InterceptedInvocation.proceed(InvocationInterceptorChain.java:106)\n\tat org.junit.jupiter.engine.execution.InvocationInterceptorChain.proceed(InvocationInterceptorChain.java:64)\n\tat org.junit.jupiter.engine.execution.InvocationInterceptorChain.chainAndInvoke(InvocationInterceptorChain.java:45)\n\tat org.junit.jupiter.engine.execution.InvocationInterceptorChain.invoke(InvocationInterceptorChain.java:37)\n\tat org.junit.jupiter.engine.execution.InterceptingExecutableInvoker.invoke(InterceptingExecutableInvoker.java:92)\n\tat org.junit.jupiter.engine.execution.InterceptingExecutableInvoker.invoke(InterceptingExecutableInvoker.java:86)\n\tat org.junit.jupiter.engine.descriptor.TestMethodTestDescriptor.lambda$invokeTestMethod$7(TestMethodTestDescriptor.java:218)\n\tat org.junit.platform.engine.support.hierarchical.ThrowableCollector.execute(ThrowableCollector.java:73)\n\tat org.junit.jupiter.engine.descriptor.TestMethodTestDescriptor.invokeTestMethod(TestMethodTestDescriptor.java:214)\n\tat org.junit.jupiter.engine.descriptor.TestMethodTestDescriptor.execute(TestMethodTestDescriptor.java:139)\n\tat org.junit.jupiter.engine.descriptor.TestMethodTestDescriptor.execute(TestMethodTestDescriptor.java:69)\n\tat org.junit.platform.engine.support.hierarchical.NodeTestTask.lambda$executeRecursively$6(NodeTestTask.java:151)\n\tat org.junit.platform.engine.support.hierarchical.ThrowableCollector.execute(ThrowableCollector.java:73)\n\tat org.junit.platform.engine.support.hierarchical.NodeTestTask.lambda$executeRecursively$8(NodeTestTask.java:141)\n\tat org.junit.platform.engine.support.hierarchical.Node.around(Node.java:137)\n\tat org.junit.platform.engine.support.hierarchical.NodeTestTask.lambda$executeRecursively$9(NodeTestTask.java:139)\n\tat org.junit.platform.engine.support.hierarchical.ThrowableCollector.execute(ThrowableCollector.java:73)\n\tat org.junit.platform.engine.support.hierarchical.NodeTestTask.executeRecursively(NodeTestTask.java:138)\n\tat org.junit.platform.engine.support.hierarchical.NodeTestTask.execute(NodeTestTask.java:95)\n\tat org.junit.platform.engine.support.hierarchical.ForkJoinPoolHierarchicalTestExecutorService$ExclusiveTask.compute(ForkJoinPoolHierarchicalTestExecutorService.java:202)\n\tat org.junit.platform.engine.support.hierarchical.ForkJoinPoolHierarchicalTestExecutorService.invokeAll(ForkJoinPoolHierarchicalTestExecutorService.java:146)\n\tat org.junit.platform.engine.support.hierarchical.NodeTestTask.lambda$executeRecursively$6(NodeTestTask.java:155)\n\tat org.junit.platform.engine.support.hierarchical.ThrowableCollector.execute(ThrowableCollector.java:73)\n\tat org.junit.platform.engine.support.hierarchical.NodeTestTask.lambda$executeRecursively$8(NodeTestTask.java:141)\n\tat org.junit.platform.engine.support.hierarchical.Node.around(Node.java:137)\n\tat org.junit.platform.engine.support.hierarchical.NodeTestTask.lambda$executeRecursively$9(NodeTestTask.java:139)\n\tat org.junit.platform.engine.support.hierarchical.ThrowableCollector.execute(ThrowableCollector.java:73)\n\tat org.junit.platform.engine.support.hierarchical.NodeTestTask.executeRecursively(NodeTestTask.java:138)\n\tat org.junit.platform.engine.support.hierarchical.NodeTestTask.execute(NodeTestTask.java:95)\n\tat org.junit.platform.engine.support.hierarchical.ForkJoinPoolHierarchicalTestExecutorService$ExclusiveTask.compute(ForkJoinPoolHierarchicalTestExecutorService.java:202)\n\tat org.junit.platform.engine.support.hierarchical.ForkJoinPoolHierarchicalTestExecutorService.invokeAll(ForkJoinPoolHierarchicalTestExecutorService.java:146)\n\tat org.junit.platform.engine.support.hierarchical.NodeTestTask.lambda$executeRecursively$6(NodeTestTask.java:155)\n\tat org.junit.platform.engine.support.hierarchical.ThrowableCollector.execute(ThrowableCollector.java:73)\n\tat org.junit.platform.engine.support.hierarchical.NodeTestTask.lambda$executeRecursively$8(NodeTestTask.java:141)\n\tat org.junit.platform.engine.support.hierarchical.Node.around(Node.java:137)\n\tat org.junit.platform.engine.support.hierarchical.NodeTestTask.lambda$executeRecursively$9(NodeTestTask.java:139)\n\tat org.junit.platform.engine.support.hierarchical.ThrowableCollector.execute(ThrowableCollector.java:73)\n\tat org.junit.platform.engine.support.hierarchical.NodeTestTask.executeRecursively(NodeTestTask.java:138)\n\tat org.junit.platform.engine.support.hierarchical.NodeTestTask.execute(NodeTestTask.java:95)\n\tat org.junit.platform.engine.support.hierarchical.ForkJoinPoolHierarchicalTestExecutorService$ExclusiveTask.compute(ForkJoinPoolHierarchicalTestExecutorService.java:202)\n\tat java.base/java.util.concurrent.RecursiveAction.exec(RecursiveAction.java:194)\n\tat java.base/java.util.concurrent.ForkJoinTask.doExec(ForkJoinTask.java:387)\n\tat java.base/java.util.concurrent.ForkJoinPool$WorkQueue.topLevelExec(ForkJoinPool.java:1312)\n\tat java.base/java.util.concurrent.ForkJoinPool.scan(ForkJoinPool.java:1843)\n\tat java.base/java.util.concurrent.ForkJoinPool.runWorker(ForkJoinPool.java:1808)\n\tat java.base/java.util.concurrent.ForkJoinWorkerThread.run(ForkJoinWorkerThread.java:188)\nCaused by: org.openqa.selenium.ElementClickInterceptedException: element click intercepted: Element <a data-product-id=\"1\" class=\"btn btn-default add-to-cart\">...</a> is not clickable at point (826, 991). Other element would receive the click: <iframe id=\"aswift_2\" name=\"aswift_2\" browsingtopics=\"true\" style=\"min-height: auto; max-height: none; min-width: auto; max-width: none; width: 1005px !important; height: 124px !important; display: block; margin: 0px auto;\" sandbox=\"allow-forms allow-popups allow-popups-to-escape-sandbox allow-same-origin allow-scripts allow-top-navigation-by-user-activation\" width=\"1005\" height=\"124\" frameborder=\"0\" marginwidth=\"0\" marginheight=\"0\" vspace=\"0\" hspace=\"0\" allowtransparency=\"true\" scrolling=\"no\" allow=\"attribution-reporting; run-ad-auction\" src=\"https://googleads.g.doubleclick.net/pagead/html/r20250820/r20190131/zrt_lookup.html#RS-0-&amp;adk=1812271801&amp;client=ca-pub-1677597403311019&amp;fa=1&amp;ifi=3&amp;uci=a!3&amp;btvi=1\" data-google-container-id=\"a!3\" tabindex=\"0\" title=\"Advertisement\" aria-label=\"Advertisement\" data-google-query-id=\"CKabss3bm48DFRhGHgId_o4vvw\" data-load-complete=\"true\"></iframe>\n  (Session info: chrome=139.0.7258.128)\nBuild info: version: '4.30.0', revision: '509c7f17cc*'\nSystem info: os.name: 'Mac OS X', os.arch: 'aarch64', os.version: '15.1', java.version: '21.0.7'\nDriver info: org.openqa.selenium.chrome.ChromeDriver\nCommand: [dd79fcd484a8b4fc4f2ec4b5a77e7c12, clickElement {id=f.C6E5380C4941B27DBF48297D26B12F2F.d.370711536946D22E8D8DE954F92F3B23.e.29}]\nCapabilities {acceptInsecureCerts: true, browserName: chrome, browserVersion: 139.0.7258.128, chrome: {chromedriverVersion: 139.0.7258.138 (884e54ea8d4..., userDataDir: /var/folders/2g/w_6ch50d66b...}, fedcm:accounts: true, goog:chromeOptions: {debuggerAddress: localhost:62325}, networkConnectionEnabled: false, pageLoadStrategy: normal, platformName: mac, proxy: Proxy(), se:cdp: ws://localhost:62325/devtoo..., se:cdpVersion: 139.0.7258.128, setWindowRect: true, strictFileInteractability: false, timeouts: {implicit: 0, pageLoad: 300000, script: 30000}, unhandledPromptBehavior: accept, webauthn:extension:credBlob: true, webauthn:extension:largeBlob: true, webauthn:extension:minPinLength: true, webauthn:extension:prf: true, webauthn:virtualAuthenticators: true}\nElement: [[ChromeDriver: chrome on mac (dd79fcd484a8b4fc4f2ec4b5a77e7c12)] -> xpath: (//p[normalize-space(text())='Blue Top']/ancestor::div[contains(@class,'product')]//a[contains(@class,'add-to-cart')])[1]]\nSession ID: dd79fcd484a8b4fc4f2ec4b5a77e7c12\n\tat java.base/jdk.internal.reflect.DirectConstructorHandleAccessor.newInstance(DirectConstructorHandleAccessor.java:62)\n\tat java.base/java.lang.reflect.Constructor.newInstanceWithCaller(Constructor.java:502)\n\tat java.base/java.lang.reflect.Constructor.newInstance(Constructor.java:486)\n\tat org.openqa.selenium.remote.ErrorCodec.decode(ErrorCodec.java:167)\n\tat org.openqa.selenium.remote.codec.w3c.W3CHttpResponseCodec.decode(W3CHttpResponseCodec.java:138)\n\tat org.openqa.selenium.remote.codec.w3c.W3CHttpResponseCodec.decode(W3CHttpResponseCodec.java:50)\n\tat org.openqa.selenium.remote.HttpCommandExecutor.execute(HttpCommandExecutor.java:215)\n\tat org.openqa.selenium.remote.service.DriverCommandExecutor.invokeExecute(DriverCommandExecutor.java:216)\n\tat org.openqa.selenium.remote.service.DriverCommandExecutor.execute(DriverCommandExecutor.java:174)\n\tat org.openqa.selenium.remote.RemoteWebDriver.execute(RemoteWebDriver.java:545)\n\tat org.openqa.selenium.remote.RemoteWebElement.execute(RemoteWebElement.java:223)\n\tat org.openqa.selenium.remote.RemoteWebElement.click(RemoteWebElement.java:76)\n\tat com.codeborne.selenide.commands.Click.defaultClick(Click.java:94)\n\tat com.codeborne.selenide.commands.Click.doClick(Click.java:72)\n\tat com.codeborne.selenide.commands.Click.click(Click.java:48)\n\tat com.codeborne.selenide.commands.Click.execute(Click.java:28)\n\tat com.codeborne.selenide.FluentCommand.execute(FluentCommand.java:27)\n\tat com.codeborne.selenide.FluentCommand.execute(FluentCommand.java:19)\n\tat com.codeborne.selenide.commands.Commands.execute(Commands.java:160)\n\tat com.codeborne.selenide.impl.SelenideElementProxy.dispatchAndRetry(SelenideElementProxy.java:131)\n\t... 64 more\n"},"stage":"finished","steps":[{"name":"$(\"By.xpath: (//p[normalize-space(text())='Blue Top']/ancestor::div[contains(@class,'product')]//a[contains(@class,'add-to-cart')])[1]\") should be(visible)","status":"passed","stage":"finished","steps":[],"attachments":[],"parameters":[],"start":1755772862806,"stop":1755772862829},{"name":"$(\"By.xpath: (//p[normalize-space(text())='Blue Top']/ancestor::div[contains(@class,'product')]//a[contains(@class,'add-to-cart')])[1]\") click()","status":"failed","statusDetails":{"known":false,"muted":false,"flaky":false,"message":"Invalid element state [By.xpath: (//p[normalize-space(text())='Blue Top']/ancestor::div[contains(@class,'product')]//a[contains(@class,'add-to-cart')])[1]]: element click intercepted: Element <a data-product-id=\"1\" class=\"btn btn-default add-to-cart\">...</a> is not clickable at point (826, 991). Other element would receive the click: <iframe id=\"aswift_2\" name=\"aswift_2\" browsingtopics=\"true\" style=\"min-height: auto; max-height: none; min-width: auto; max-width: none; width: 1005px !important; height: 124px !important; display: block; margin: 0px auto;\" sandbox=\"allow-forms allow-popups allow-popups-to-escape-sandbox allow-same-origin allow-scripts allow-top-navigation-by-user-activation\" width=\"1005\" height=\"124\" frameborder=\"0\" marginwidth=\"0\" marginheight=\"0\" vspace=\"0\" hspace=\"0\" allowtransparency=\"true\" scrolling=\"no\" allow=\"attribution-reporting; run-ad-auction\" src=\"https://googleads.g.doubleclick.net/pagead/html/r20250820/r20190131/zrt_lookup.html#RS-0-&amp;adk=1812271801&amp;client=ca-pub-1677597403311019&amp;fa=1&amp;ifi=3&amp;uci=a!3&amp;btvi=1\" data-google-container-id=\"a!3\" tabindex=\"0\" title=\"Advertisement\" aria-label=\"Advertisement\" data-google-query-id=\"CKabss3bm48DFRhGHgId_o4vvw\" data-load-complete=\"true\"></iframe>\nScreenshot: file:/Users/ajdajtalantbekova/IdeaProjects/Gucci/build/reports/tests/1755772867924.0.png\nPage source: file:/Users/ajdajtalantbekova/IdeaProjects/Gucci/build/reports/tests/1755772867924.0.html\nTimeout: 4 s.\nCaused by: ElementClickInterceptedException: element click intercepted: Element <a data-product-id=\"1\" class=\"btn btn-default add-to-cart\">...</a> is not clickable at point (826, 991). Other element would receive the click: <iframe id=\"aswift_2\" name=\"aswift_2\" browsingtopics=\"true\" style=\"min-height: auto; max-height: none; min-width: auto; max-width: none; width: 1005px !important; height: 124px !important; display: block; margin: 0px auto;\" sandbox=\"allow-forms allow-popups allow-popups-to-escape-sandbox allow-same-origin allow-scripts allow-top-navigation-by-user-activation\" width=\"1005\" height=\"124\" frameborder=\"0\" marginwidth=\"0\" marginheight=\"0\" vspace=\"0\" hspace=\"0\" allowtransparency=\"true\" scrolling=\"no\" allow=\"attribution-reporting; run-ad-auction\" src=\"https://googleads.g.doubleclick.net/pagead/html/r20250820/r20190131/zrt_lookup.html#RS-0-&amp;adk=1812271801&amp;client=ca-pub-1677597403311019&amp;fa=1&amp;ifi=3&amp;uci=a!3&amp;btvi=1\" data-google-container-id=\"a!3\" tabindex=\"0\" title=\"Advertisement\" aria-label=\"Advertisement\" data-google-query-id=\"CKabss3bm48DFRhGHgId_o4vvw\" data-load-complete=\"true\"></iframe>","trace":"Invalid element state [By.xpath: (//p[normalize-space(text())='Blue Top']/ancestor::div[contains(@class,'product')]//a[contains(@class,'add-to-cart')])[1]]: element click intercepted: Element <a data-product-id=\"1\" class=\"btn btn-default add-to-cart\">...</a> is not clickable at point (826, 991). Other element would receive the click: <iframe id=\"aswift_2\" name=\"aswift_2\" browsingtopics=\"true\" style=\"min-height: auto; max-height: none; min-width: auto; max-width: none; width: 1005px !important; height: 124px !important; display: block; margin: 0px auto;\" sandbox=\"allow-forms allow-popups allow-popups-to-escape-sandbox allow-same-origin allow-scripts allow-top-navigation-by-user-activation\" width=\"1005\" height=\"124\" frameborder=\"0\" marginwidth=\"0\" marginheight=\"0\" vspace=\"0\" hspace=\"0\" allowtransparency=\"true\" scrolling=\"no\" allow=\"attribution-reporting; run-ad-auction\" src=\"https://googleads.g.doubleclick.net/pagead/html/r20250820/r20190131/zrt_lookup.html#RS-0-&amp;adk=1812271801&amp;client=ca-pub-1677597403311019&amp;fa=1&amp;ifi=3&amp;uci=a!3&amp;btvi=1\" data-google-container-id=\"a!3\" tabindex=\"0\" title=\"Advertisement\" aria-label=\"Advertisement\" data-google-query-id=\"CKabss3bm48DFRhGHgId_o4vvw\" data-load-complete=\"true\"></iframe>\nScreenshot: file:/Users/ajdajtalantbekova/IdeaProjects/Gucci/build/reports/tests/1755772867924.0.png\nPage source: file:/Users/ajdajtalantbekova/IdeaProjects/Gucci/build/reports/tests/1755772867924.0.html\nTimeout: 4 s.\nCaused by: ElementClickInterceptedException: element click intercepted: Element <a data-product-id=\"1\" class=\"btn btn-default add-to-cart\">...</a> is not clickable at point (826, 991). Other element would receive the click: <iframe id=\"aswift_2\" name=\"aswift_2\" browsingtopics=\"true\" style=\"min-height: auto; max-height: none; min-width: auto; max-width: none; width: 1005px !important; height: 124px !important; display: block; margin: 0px auto;\" sandbox=\"allow-forms allow-popups allow-popups-to-escape-sandbox allow-same-origin allow-scripts allow-top-navigation-by-user-activation\" width=\"1005\" height=\"124\" frameborder=\"0\" marginwidth=\"0\" marginheight=\"0\" vspace=\"0\" hspace=\"0\" allowtransparency=\"true\" scrolling=\"no\" allow=\"attribution-reporting; run-ad-auction\" src=\"https://googleads.g.doubleclick.net/pagead/html/r20250820/r20190131/zrt_lookup.html#RS-0-&amp;adk=1812271801&amp;client=ca-pub-1677597403311019&amp;fa=1&amp;ifi=3&amp;uci=a!3&amp;btvi=1\" data-google-container-id=\"a!3\" tabindex=\"0\" title=\"Advertisement\" aria-label=\"Advertisement\" data-google-query-id=\"CKabss3bm48DFRhGHgId_o4vvw\" data-load-complete=\"true\"></iframe>\n\tat com.codeborne.selenide.impl.ExceptionWrapper.wrap(ExceptionWrapper.java:19)\n\tat com.codeborne.selenide.impl.SelenideElementProxy.dispatchAndRetry(SelenideElementProxy.java:153)\n\tat com.codeborne.selenide.impl.SelenideElementProxy.invoke(SelenideElementProxy.java:83)\n\tat jdk.proxy3/jdk.proxy3.$Proxy39.click(Unknown Source)\n\tat com.gucci.layers.web.page.home.HomePage.addProductToCart(HomePage.java:100)\n\tat CartTest.verifyCartDetailsTest(CartTest.java:59)\n\tat java.base/jdk.internal.reflect.DirectMethodHandleAccessor.invoke(DirectMethodHandleAccessor.java:103)\n\tat java.base/java.lang.reflect.Method.invoke(Method.java:580)\n\tat org.junit.platform.commons.util.ReflectionUtils.invokeMethod(ReflectionUtils.java:728)\n\tat org.junit.jupiter.engine.execution.MethodInvocation.proceed(MethodInvocation.java:60)\n\tat org.junit.jupiter.engine.execution.InvocationInterceptorChain$ValidatingInvocation.proceed(InvocationInterceptorChain.java:131)\n\tat org.junit.jupiter.api.extension.InvocationInterceptor.interceptTestMethod(InvocationInterceptor.java:119)\n\tat org.junit.jupiter.engine.execution.InterceptingExecutableInvoker$ReflectiveInterceptorCall.lambda$ofVoidMethod$0(InterceptingExecutableInvoker.java:103)\n\tat org.junit.jupiter.engine.execution.InterceptingExecutableInvoker.lambda$invoke$0(InterceptingExecutableInvoker.java:93)\n\tat org.junit.jupiter.engine.execution.InvocationInterceptorChain$InterceptedInvocation.proceed(InvocationInterceptorChain.java:106)\n\tat org.junit.jupiter.engine.extension.TimeoutExtension.intercept(TimeoutExtension.java:156)\n\tat org.junit.jupiter.engine.extension.TimeoutExtension.interceptTestableMethod(TimeoutExtension.java:147)\n\tat org.junit.jupiter.engine.extension.TimeoutExtension.interceptTestMethod(TimeoutExtension.java:86)\n\tat org.junit.jupiter.engine.execution.InterceptingExecutableInvoker$ReflectiveInterceptorCall.lambda$ofVoidMethod$0(InterceptingExecutableInvoker.java:103)\n\tat org.junit.jupiter.engine.execution.InterceptingExecutableInvoker.lambda$invoke$0(InterceptingExecutableInvoker.java:93)\n\tat org.junit.jupiter.engine.execution.InvocationInterceptorChain$InterceptedInvocation.proceed(InvocationInterceptorChain.java:106)\n\tat org.junit.jupiter.engine.execution.InvocationInterceptorChain.proceed(InvocationInterceptorChain.java:64)\n\tat org.junit.jupiter.engine.execution.InvocationInterceptorChain.chainAndInvoke(InvocationInterceptorChain.java:45)\n\tat org.junit.jupiter.engine.execution.InvocationInterceptorChain.invoke(InvocationInterceptorChain.java:37)\n\tat org.junit.jupiter.engine.execution.InterceptingExecutableInvoker.invoke(InterceptingExecutableInvoker.java:92)\n\tat org.junit.jupiter.engine.execution.InterceptingExecutableInvoker.invoke(InterceptingExecutableInvoker.java:86)\n\tat org.junit.jupiter.engine.descriptor.TestMethodTestDescriptor.lambda$invokeTestMethod$7(TestMethodTestDescriptor.java:218)\n\tat org.junit.platform.engine.support.hierarchical.ThrowableCollector.execute(ThrowableCollector.java:73)\n\tat org.junit.jupiter.engine.descriptor.TestMethodTestDescriptor.invokeTestMethod(TestMethodTestDescriptor.java:214)\n\tat org.junit.jupiter.engine.descriptor.TestMethodTestDescriptor.execute(TestMethodTestDescriptor.java:139)\n\tat org.junit.jupiter.engine.descriptor.TestMethodTestDescriptor.execute(TestMethodTestDescriptor.java:69)\n\tat org.junit.platform.engine.support.hierarchical.NodeTestTask.lambda$executeRecursively$6(NodeTestTask.java:151)\n\tat org.junit.platform.engine.support.hierarchical.ThrowableCollector.execute(ThrowableCollector.java:73)\n\tat org.junit.platform.engine.support.hierarchical.NodeTestTask.lambda$executeRecursively$8(NodeTestTask.java:141)\n\tat org.junit.platform.engine.support.hierarchical.Node.around(Node.java:137)\n\tat org.junit.platform.engine.support.hierarchical.NodeTestTask.lambda$executeRecursively$9(NodeTestTask.java:139)\n\tat org.junit.platform.engine.support.hierarchical.ThrowableCollector.execute(ThrowableCollector.java:73)\n\tat org.junit.platform.engine.support.hierarchical.NodeTestTask.executeRecursively(NodeTestTask.java:138)\n\tat org.junit.platform.engine.support.hierarchical.NodeTestTask.execute(NodeTestTask.java:95)\n\tat org.junit.platform.engine.support.hierarchical.ForkJoinPoolHierarchicalTestExecutorService$ExclusiveTask.compute(ForkJoinPoolHierarchicalTestExecutorService.java:202)\n\tat org.junit.platform.engine.support.hierarchical.ForkJoinPoolHierarchicalTestExecutorService.invokeAll(ForkJoinPoolHierarchicalTestExecutorService.java:146)\n\tat org.junit.platform.engine.support.hierarchical.NodeTestTask.lambda$executeRecursively$6(NodeTestTask.java:155)\n\tat org.junit.platform.engine.support.hierarchical.ThrowableCollector.execute(ThrowableCollector.java:73)\n\tat org.junit.platform.engine.support.hierarchical.NodeTestTask.lambda$executeRecursively$8(NodeTestTask.java:141)\n\tat org.junit.platform.engine.support.hierarchical.Node.around(Node.java:137)\n\tat org.junit.platform.engine.support.hierarchical.NodeTestTask.lambda$executeRecursively$9(NodeTestTask.java:139)\n\tat org.junit.platform.engine.support.hierarchical.ThrowableCollector.execute(ThrowableCollector.java:73)\n\tat org.junit.platform.engine.support.hierarchical.NodeTestTask.executeRecursively(NodeTestTask.java:138)\n\tat org.junit.platform.engine.support.hierarchical.NodeTestTask.execute(NodeTestTask.java:95)\n\tat org.junit.platform.engine.support.hierarchical.ForkJoinPoolHierarchicalTestExecutorService$ExclusiveTask.compute(ForkJoinPoolHierarchicalTestExecutorService.java:202)\n\tat org.junit.platform.engine.support.hierarchical.ForkJoinPoolHierarchicalTestExecutorService.invokeAll(ForkJoinPoolHierarchicalTestExecutorService.java:146)\n\tat org.junit.platform.engine.support.hierarchical.NodeTestTask.lambda$executeRecursively$6(NodeTestTask.java:155)\n\tat org.junit.platform.engine.support.hierarchical.ThrowableCollector.execute(ThrowableCollector.java:73)\n\tat org.junit.platform.engine.support.hierarchical.NodeTestTask.lambda$executeRecursively$8(NodeTestTask.java:141)\n\tat org.junit.platform.engine.support.hierarchical.Node.around(Node.java:137)\n\tat org.junit.platform.engine.support.hierarchical.NodeTestTask.lambda$executeRecursively$9(NodeTestTask.java:139)\n\tat org.junit.platform.engine.support.hierarchical.ThrowableCollector.execute(ThrowableCollector.java:73)\n\tat org.junit.platform.engine.support.hierarchical.NodeTestTask.executeRecursively(NodeTestTask.java:138)\n\tat org.junit.platform.engine.support.hierarchical.NodeTestTask.execute(NodeTestTask.java:95)\n\tat org.junit.platform.engine.support.hierarchical.ForkJoinPoolHierarchicalTestExecutorService$ExclusiveTask.compute(ForkJoinPoolHierarchicalTestExecutorService.java:202)\n\tat java.base/java.util.concurrent.RecursiveAction.exec(RecursiveAction.java:194)\n\tat java.base/java.util.concurrent.ForkJoinTask.doExec(ForkJoinTask.java:387)\n\tat java.base/java.util.concurrent.ForkJoinPool$WorkQueue.topLevelExec(ForkJoinPool.java:1312)\n\tat java.base/java.util.concurrent.ForkJoinPool.scan(ForkJoinPool.java:1843)\n\tat java.base/java.util.concurrent.ForkJoinPool.runWorker(ForkJoinPool.java:1808)\n\tat java.base/java.util.concurrent.ForkJoinWorkerThread.run(ForkJoinWorkerThread.java:188)\nCaused by: org.openqa.selenium.ElementClickInterceptedException: element click intercepted: Element <a data-product-id=\"1\" class=\"btn btn-default add-to-cart\">...</a> is not clickable at point (826, 991). Other element would receive the click: <iframe id=\"aswift_2\" name=\"aswift_2\" browsingtopics=\"true\" style=\"min-height: auto; max-height: none; min-width: auto; max-width: none; width: 1005px !important; height: 124px !important; display: block; margin: 0px auto;\" sandbox=\"allow-forms allow-popups allow-popups-to-escape-sandbox allow-same-origin allow-scripts allow-top-navigation-by-user-activation\" width=\"1005\" height=\"124\" frameborder=\"0\" marginwidth=\"0\" marginheight=\"0\" vspace=\"0\" hspace=\"0\" allowtransparency=\"true\" scrolling=\"no\" allow=\"attribution-reporting; run-ad-auction\" src=\"https://googleads.g.doubleclick.net/pagead/html/r20250820/r20190131/zrt_lookup.html#RS-0-&amp;adk=1812271801&amp;client=ca-pub-1677597403311019&amp;fa=1&amp;ifi=3&amp;uci=a!3&amp;btvi=1\" data-google-container-id=\"a!3\" tabindex=\"0\" title=\"Advertisement\" aria-label=\"Advertisement\" data-google-query-id=\"CKabss3bm48DFRhGHgId_o4vvw\" data-load-complete=\"true\"></iframe>\n  (Session info: chrome=139.0.7258.128)\nBuild info: version: '4.30.0', revision: '509c7f17cc*'\nSystem info: os.name: 'Mac OS X', os.arch: 'aarch64', os.version: '15.1', java.version: '21.0.7'\nDriver info: org.openqa.selenium.chrome.ChromeDriver\nCommand: [dd79fcd484a8b4fc4f2ec4b5a77e7c12, clickElement {id=f.C6E5380C4941B27DBF48297D26B12F2F.d.370711536946D22E8D8DE954F92F3B23.e.29}]\nCapabilities {acceptInsecureCerts: true, browserName: chrome, browserVersion: 139.0.7258.128, chrome: {chromedriverVersion: 139.0.7258.138 (884e54ea8d4..., userDataDir: /var/folders/2g/w_6ch50d66b...}, fedcm:accounts: true, goog:chromeOptions: {debuggerAddress: localhost:62325}, networkConnectionEnabled: false, pageLoadStrategy: normal, platformName: mac, proxy: Proxy(), se:cdp: ws://localhost:62325/devtoo..., se:cdpVersion: 139.0.7258.128, setWindowRect: true, strictFileInteractability: false, timeouts: {implicit: 0, pageLoad: 300000, script: 30000}, unhandledPromptBehavior: accept, webauthn:extension:credBlob: true, webauthn:extension:largeBlob: true, webauthn:extension:minPinLength: true, webauthn:extension:prf: true, webauthn:virtualAuthenticators: true}\nElement: [[ChromeDriver: chrome on mac (dd79fcd484a8b4fc4f2ec4b5a77e7c12)] -> xpath: (//p[normalize-space(text())='Blue Top']/ancestor::div[contains(@class,'product')]//a[contains(@class,'add-to-cart')])[1]]\nSession ID: dd79fcd484a8b4fc4f2ec4b5a77e7c12\n\tat java.base/jdk.internal.reflect.DirectConstructorHandleAccessor.newInstance(DirectConstructorHandleAccessor.java:62)\n\tat java.base/java.lang.reflect.Constructor.newInstanceWithCaller(Constructor.java:502)\n\tat java.base/java.lang.reflect.Constructor.newInstance(Constructor.java:486)\n\tat org.openqa.selenium.remote.ErrorCodec.decode(ErrorCodec.java:167)\n\tat org.openqa.selenium.remote.codec.w3c.W3CHttpResponseCodec.decode(W3CHttpResponseCodec.java:138)\n\tat org.openqa.selenium.remote.codec.w3c.W3CHttpResponseCodec.decode(W3CHttpResponseCodec.java:50)\n\tat org.openqa.selenium.remote.HttpCommandExecutor.execute(HttpCommandExecutor.java:215)\n\tat org.openqa.selenium.remote.service.DriverCommandExecutor.invokeExecute(DriverCommandExecutor.java:216)\n\tat org.openqa.selenium.remote.service.DriverCommandExecutor.execute(DriverCommandExecutor.java:174)\n\tat org.openqa.selenium.remote.RemoteWebDriver.execute(RemoteWebDriver.java:545)\n\tat org.openqa.selenium.remote.RemoteWebElement.execute(RemoteWebElement.java:223)\n\tat org.openqa.selenium.remote.RemoteWebElement.click(RemoteWebElement.java:76)\n\tat com.codeborne.selenide.commands.Click.defaultClick(Click.java:94)\n\tat com.codeborne.selenide.commands.Click.doClick(Click.java:72)\n\tat com.codeborne.selenide.commands.Click.click(Click.java:48)\n\tat com.codeborne.selenide.commands.Click.execute(Click.java:28)\n\tat com.codeborne.selenide.FluentCommand.execute(FluentCommand.java:27)\n\tat com.codeborne.selenide.FluentCommand.execute(FluentCommand.java:19)\n\tat com.codeborne.selenide.commands.Commands.execute(Commands.java:160)\n\tat com.codeborne.selenide.impl.SelenideElementProxy.dispatchAndRetry(SelenideElementProxy.java:131)\n\t... 64 more\n"},"stage":"finished","steps":[],"attachments":[{"name":"Screenshot","source":"48fe35a6-26db-49ce-83e8-dddba58234e1-attachment.png","type":"image/png"},{"name":"Page source","source":"686e9aa5-2659-4fe7-b909-bcf3cfca707b-attachment.html","type":"text/html"}],"parameters":[],"start":1755772862829,"stop":1755772868497}],"attachments":[],"parameters":[{"name":"productName","value":"Blue Top"}],"start":1755772862806,"stop":1755772868498}],"attachments":[],"parameters":[],"start":1755772836216,"stop":1755772868509}