{"uuid":"b2dd6a11-dd55-4ab9-baf9-d5ddab90aa4c","historyId":"6e4b5544d08bcea41fa02da11969f771","testCaseId":"[engine:junit-jupiter]/[class:PlaceOrderTest]/[method:registerWhileCheckout()]","testCaseName":"Place Order: Register while Checkout","fullName":"PlaceOrderTest.registerWhileCheckout","labels":[{"name":"junit.platform.uniqueid","value":"[engine:junit-jupiter]/[class:PlaceOrderTest]/[method:registerWhileCheckout()]"},{"name":"host","value":"MacBook-Air-Ajdaj.local"},{"name":"thread","value":"30181@MacBook-Air-Ajdaj.local.ForkJoinPool-1-worker-1(31)"},{"name":"framework","value":"junit-platform"},{"name":"language","value":"java"},{"name":"package","value":"PlaceOrderTest"},{"name":"testClass","value":"PlaceOrderTest"},{"name":"testMethod","value":"registerWhileCheckout"},{"name":"suite","value":"PlaceOrderTest"}],"links":[],"name":"Place Order: Register while Checkout","status":"broken","statusDetails":{"known":false,"muted":false,"flaky":false,"message":"invalid selector: Unable to locate an element with the xpath expression (//textarea[@class='form-control'] because of the following error:\nSyntaxError: Failed to execute 'evaluate' on 'Document': The string '(//textarea[@class='form-control']' is not a valid XPath expression.\n  (Session info: chrome=139.0.7258.128)\nFor documentation on this error, please visit: https://www.selenium.dev/documentation/webdriver/troubleshooting/errors#invalid-selector-exception\nBuild info: version: '4.30.0', revision: '509c7f17cc*'\nSystem info: os.name: 'Mac OS X', os.arch: 'aarch64', os.version: '15.1', java.version: '21.0.7'\nDriver info: org.openqa.selenium.chrome.ChromeDriver\nCommand: [029cea1941b51354ad6532e62d675637, findElement {value=(//textarea[@class='form-control'], using=xpath}]\nCapabilities {acceptInsecureCerts: true, browserName: chrome, browserVersion: 139.0.7258.128, chrome: {chromedriverVersion: 139.0.7258.138 (884e54ea8d4..., userDataDir: /var/folders/2g/w_6ch50d66b...}, fedcm:accounts: true, goog:chromeOptions: {debuggerAddress: localhost:61985}, networkConnectionEnabled: false, pageLoadStrategy: normal, platformName: mac, proxy: Proxy(), se:cdp: ws://localhost:61985/devtoo..., se:cdpVersion: 139.0.7258.128, setWindowRect: true, strictFileInteractability: false, timeouts: {implicit: 0, pageLoad: 300000, script: 30000}, unhandledPromptBehavior: accept, webauthn:extension:credBlob: true, webauthn:extension:largeBlob: true, webauthn:extension:minPinLength: true, webauthn:extension:prf: true, webauthn:virtualAuthenticators: true}\nSession ID: 029cea1941b51354ad6532e62d675637","trace":"org.openqa.selenium.InvalidSelectorException: invalid selector: Unable to locate an element with the xpath expression (//textarea[@class='form-control'] because of the following error:\nSyntaxError: Failed to execute 'evaluate' on 'Document': The string '(//textarea[@class='form-control']' is not a valid XPath expression.\n  (Session info: chrome=139.0.7258.128)\nFor documentation on this error, please visit: https://www.selenium.dev/documentation/webdriver/troubleshooting/errors#invalid-selector-exception\nBuild info: version: '4.30.0', revision: '509c7f17cc*'\nSystem info: os.name: 'Mac OS X', os.arch: 'aarch64', os.version: '15.1', java.version: '21.0.7'\nDriver info: org.openqa.selenium.chrome.ChromeDriver\nCommand: [029cea1941b51354ad6532e62d675637, findElement {value=(//textarea[@class='form-control'], using=xpath}]\nCapabilities {acceptInsecureCerts: true, browserName: chrome, browserVersion: 139.0.7258.128, chrome: {chromedriverVersion: 139.0.7258.138 (884e54ea8d4..., userDataDir: /var/folders/2g/w_6ch50d66b...}, fedcm:accounts: true, goog:chromeOptions: {debuggerAddress: localhost:61985}, networkConnectionEnabled: false, pageLoadStrategy: normal, platformName: mac, proxy: Proxy(), se:cdp: ws://localhost:61985/devtoo..., se:cdpVersion: 139.0.7258.128, setWindowRect: true, strictFileInteractability: false, timeouts: {implicit: 0, pageLoad: 300000, script: 30000}, unhandledPromptBehavior: accept, webauthn:extension:credBlob: true, webauthn:extension:largeBlob: true, webauthn:extension:minPinLength: true, webauthn:extension:prf: true, webauthn:virtualAuthenticators: true}\nSession ID: 029cea1941b51354ad6532e62d675637\n\tat java.base/jdk.internal.reflect.DirectConstructorHandleAccessor.newInstance(DirectConstructorHandleAccessor.java:62)\n\tat java.base/java.lang.reflect.Constructor.newInstanceWithCaller(Constructor.java:502)\n\tat java.base/java.lang.reflect.Constructor.newInstance(Constructor.java:486)\n\tat org.openqa.selenium.remote.ErrorCodec.decode(ErrorCodec.java:167)\n\tat org.openqa.selenium.remote.codec.w3c.W3CHttpResponseCodec.decode(W3CHttpResponseCodec.java:138)\n\tat org.openqa.selenium.remote.codec.w3c.W3CHttpResponseCodec.decode(W3CHttpResponseCodec.java:50)\n\tat org.openqa.selenium.remote.HttpCommandExecutor.execute(HttpCommandExecutor.java:215)\n\tat org.openqa.selenium.remote.service.DriverCommandExecutor.invokeExecute(DriverCommandExecutor.java:216)\n\tat org.openqa.selenium.remote.service.DriverCommandExecutor.execute(DriverCommandExecutor.java:174)\n\tat org.openqa.selenium.remote.RemoteWebDriver.execute(RemoteWebDriver.java:545)\n\tat org.openqa.selenium.remote.ElementLocation$ElementFinder$2.findElement(ElementLocation.java:165)\n\tat org.openqa.selenium.remote.ElementLocation.findElement(ElementLocation.java:59)\n\tat org.openqa.selenium.remote.RemoteWebDriver.findElement(RemoteWebDriver.java:368)\n\tat org.openqa.selenium.remote.RemoteWebDriver.findElement(RemoteWebDriver.java:362)\n\tat com.codeborne.selenide.impl.WebElementSelector.findElement(WebElementSelector.java:67)\n\tat com.codeborne.selenide.impl.WebElementSelector.findElement(WebElementSelector.java:38)\n\tat com.codeborne.selenide.impl.WebElementSelector.findElement(WebElementSelector.java:29)\n\tat com.codeborne.selenide.impl.ElementFinder.getWebElement(ElementFinder.java:113)\n\tat com.codeborne.selenide.impl.WebElementSource.checkConditionAndReturnElement(WebElementSource.java:112)\n\tat com.codeborne.selenide.impl.WebElementSource.checkCondition(WebElementSource.java:99)\n\tat com.codeborne.selenide.commands.Should.execute(Should.java:24)\n\tat com.codeborne.selenide.FluentCommand.execute(FluentCommand.java:27)\n\tat com.codeborne.selenide.FluentCommand.execute(FluentCommand.java:19)\n\tat com.codeborne.selenide.commands.Commands.execute(Commands.java:160)\n\tat com.codeborne.selenide.impl.SelenideElementProxy.dispatchAndRetry(SelenideElementProxy.java:131)\n\tat com.codeborne.selenide.impl.SelenideElementProxy.invoke(SelenideElementProxy.java:83)\n\tat jdk.proxy3/jdk.proxy3.$Proxy38.shouldBe(Unknown Source)\n\tat com.gucci.layers.web.manager.ElementManager.input(ElementManager.java:27)\n\tat com.gucci.layers.web.page.selections.CartPage.inputFormControl(CartPage.java:102)\n\tat PlaceOrderTest.registerWhileCheckout(PlaceOrderTest.java:44)\n\tat java.base/java.lang.reflect.Method.invoke(Method.java:580)\n\tat java.base/java.util.concurrent.RecursiveAction.exec(RecursiveAction.java:194)\n\tat java.base/java.util.concurrent.ForkJoinTask.doExec(ForkJoinTask.java:387)\n\tat java.base/java.util.concurrent.ForkJoinPool$WorkQueue.topLevelExec(ForkJoinPool.java:1312)\n\tat java.base/java.util.concurrent.ForkJoinPool.scan(ForkJoinPool.java:1843)\n\tat java.base/java.util.concurrent.ForkJoinPool.runWorker(ForkJoinPool.java:1808)\n\tat java.base/java.util.concurrent.ForkJoinWorkerThread.run(ForkJoinWorkerThread.java:188)\n"},"stage":"finished","description":"","steps":[{"name":"$(\"open\") https://automationexercise.com/","status":"passed","stage":"finished","steps":[{"name":"$(\"webdriver\") create()","status":"passed","stage":"finished","steps":[],"attachments":[],"parameters":[],"start":1755796689699,"stop":1755796695131}],"attachments":[],"parameters":[],"start":1755796689694,"stop":1755796699709},{"name":"$(\"By.xpath: //a[@href='/' and contains(@style, 'orange')]\") should have(attribute style=\"color: orange;\")","status":"passed","stage":"finished","steps":[],"attachments":[],"parameters":[],"start":1755796700141,"stop":1755796700213},{"name":"Add product to cart from HomePage","status":"passed","stage":"finished","steps":[{"name":"$(\".modal-selector\") is displayed()","status":"passed","stage":"finished","steps":[],"attachments":[],"parameters":[],"start":1755796700258,"stop":1755796700296},{"name":"$(\"By.xpath: (//p[normalize-space(text())='Blue Top']/ancestor::div[contains(@class,'product')]//a[contains(@class,'add-to-cart')])[1]\") get wrapped element()","status":"passed","stage":"finished","steps":[],"attachments":[],"parameters":[],"start":1755796700297,"stop":1755796700318}],"attachments":[],"parameters":[{"name":"productName","value":"Blue Top"}],"start":1755796700258,"stop":1755796700341},{"name":"View cart","status":"passed","stage":"finished","steps":[{"name":"$(\"By.xpath: //a[@href='/view_cart']/u[text()='View Cart']\") should be([visible, 10 s.])","status":"passed","stage":"finished","steps":[],"attachments":[],"parameters":[],"start":1755796700343,"stop":1755796700782},{"name":"$(\"By.xpath: //a[@href='/view_cart']/u[text()='View Cart']\") should be([visible, 30 s.])","status":"passed","stage":"finished","steps":[],"attachments":[],"parameters":[],"start":1755796700783,"stop":1755796700808},{"name":"$(\"By.xpath: //a[@href='/view_cart']/u[text()='View Cart']\") should be([enabled, 30 s.])","status":"passed","stage":"finished","steps":[],"attachments":[],"parameters":[],"start":1755796700808,"stop":1755796700827},{"name":"$(\"By.xpath: //a[@href='/view_cart']/u[text()='View Cart']\") should not have([attribute disabled, 30 s.])","status":"passed","stage":"finished","steps":[],"attachments":[],"parameters":[],"start":1755796700827,"stop":1755796700849},{"name":"$(\"By.xpath: //a[@href='/view_cart']/u[text()='View Cart']\") should be([clickable: interactable and enabled, 30 s.])","status":"passed","stage":"finished","steps":[],"attachments":[],"parameters":[],"start":1755796700850,"stop":1755796700878},{"name":"$(\"By.xpath: //a[@href='/view_cart']/u[text()='View Cart']\") click()","status":"passed","stage":"finished","steps":[],"attachments":[],"parameters":[],"start":1755796700878,"stop":1755796702103}],"attachments":[],"parameters":[],"start":1755796700342,"stop":1755796702113},{"name":"$(\"By.xpath: //div[@class='single-widget']/h2\") should be(visible)","status":"passed","stage":"finished","steps":[],"attachments":[],"parameters":[],"start":1755796702114,"stop":1755796702133},{"name":"click proceed checkout","status":"passed","stage":"finished","steps":[{"name":"$(\"By.xpath: //a[text() = 'Proceed To Checkout']\") should be([visible, 30 s.])","status":"passed","stage":"finished","steps":[],"attachments":[],"parameters":[],"start":1755796702133,"stop":1755796702149},{"name":"$(\"By.xpath: //a[text() = 'Proceed To Checkout']\") should be([enabled, 30 s.])","status":"passed","stage":"finished","steps":[],"attachments":[],"parameters":[],"start":1755796702149,"stop":1755796702161},{"name":"$(\"By.xpath: //a[text() = 'Proceed To Checkout']\") should not have([attribute disabled, 30 s.])","status":"passed","stage":"finished","steps":[],"attachments":[],"parameters":[],"start":1755796702161,"stop":1755796702172},{"name":"$(\"By.xpath: //a[text() = 'Proceed To Checkout']\") should be([clickable: interactable and enabled, 30 s.])","status":"passed","stage":"finished","steps":[],"attachments":[],"parameters":[],"start":1755796702172,"stop":1755796702188},{"name":"$(\"By.xpath: //a[text() = 'Proceed To Checkout']\") click()","status":"passed","stage":"finished","steps":[],"attachments":[],"parameters":[],"start":1755796702188,"stop":1755796702279}],"attachments":[],"parameters":[],"start":1755796702133,"stop":1755796702279},{"name":"click login register","status":"passed","stage":"finished","steps":[{"name":"$(\"By.xpath: (//a[@href = '/login'])[2]\") should be([visible, 30 s.])","status":"passed","stage":"finished","steps":[],"attachments":[],"parameters":[],"start":1755796702279,"stop":1755796702296},{"name":"$(\"By.xpath: (//a[@href = '/login'])[2]\") should be([enabled, 30 s.])","status":"passed","stage":"finished","steps":[],"attachments":[],"parameters":[],"start":1755796702296,"stop":1755796702307},{"name":"$(\"By.xpath: (//a[@href = '/login'])[2]\") should not have([attribute disabled, 30 s.])","status":"passed","stage":"finished","steps":[],"attachments":[],"parameters":[],"start":1755796702308,"stop":1755796702383},{"name":"$(\"By.xpath: (//a[@href = '/login'])[2]\") should be([clickable: interactable and enabled, 30 s.])","status":"passed","stage":"finished","steps":[],"attachments":[],"parameters":[],"start":1755796702383,"stop":1755796702432},{"name":"$(\"By.xpath: (//a[@href = '/login'])[2]\") click()","status":"passed","stage":"finished","steps":[],"attachments":[],"parameters":[],"start":1755796702432,"stop":1755796708105}],"attachments":[],"parameters":[],"start":1755796702279,"stop":1755796708110},{"name":"input user name Aidai","status":"passed","stage":"finished","steps":[{"name":"$(\".signup-form/input[data-qa='signup-name']\") should be([visible, 30 s.])","status":"passed","stage":"finished","steps":[],"attachments":[],"parameters":[],"start":1755796708113,"stop":1755796708164},{"name":"$(\".signup-form/input[data-qa='signup-name']\") should be([enabled, 30 s.])","status":"passed","stage":"finished","steps":[],"attachments":[],"parameters":[],"start":1755796708165,"stop":1755796708253},{"name":"$(\".signup-form/input[data-qa='signup-name']\") scroll to()","status":"passed","stage":"finished","steps":[],"attachments":[],"parameters":[],"start":1755796708253,"stop":1755796708477},{"name":"$(\".signup-form/input[data-qa='signup-name']\") send keys(Aidai)","status":"passed","stage":"finished","steps":[],"attachments":[],"parameters":[],"start":1755796708478,"stop":1755796709052}],"attachments":[],"parameters":[{"name":"name","value":"Aidai"}],"start":1755796708112,"stop":1755796709052},{"name":"input user email trinidad.white@gmail.com","status":"passed","stage":"finished","steps":[{"name":"$(\".signup-form/input[data-qa='signup-email']\") should be([visible, 30 s.])","status":"passed","stage":"finished","steps":[],"attachments":[],"parameters":[],"start":1755796709142,"stop":1755796709242},{"name":"$(\".signup-form/input[data-qa='signup-email']\") should be([enabled, 30 s.])","status":"passed","stage":"finished","steps":[],"attachments":[],"parameters":[],"start":1755796709242,"stop":1755796709317},{"name":"$(\".signup-form/input[data-qa='signup-email']\") scroll to()","status":"passed","stage":"finished","steps":[],"attachments":[],"parameters":[],"start":1755796709318,"stop":1755796709396},{"name":"$(\".signup-form/input[data-qa='signup-email']\") send keys(trinidad.white@gmail.com)","status":"passed","stage":"finished","steps":[],"attachments":[],"parameters":[],"start":1755796709397,"stop":1755796709597}],"attachments":[],"parameters":[{"name":"email","value":"trinidad.white@gmail.com"}],"start":1755796709141,"stop":1755796709597},{"name":"click sign up button","status":"passed","stage":"finished","steps":[{"name":"$(\".signup-form/button\") should be([visible, 30 s.])","status":"passed","stage":"finished","steps":[],"attachments":[],"parameters":[],"start":1755796709602,"stop":1755796709721},{"name":"$(\".signup-form/button\") should be([enabled, 30 s.])","status":"passed","stage":"finished","steps":[],"attachments":[],"parameters":[],"start":1755796709721,"stop":1755796709814},{"name":"$(\".signup-form/button\") should not have([attribute disabled, 30 s.])","status":"passed","stage":"finished","steps":[],"attachments":[],"parameters":[],"start":1755796709815,"stop":1755796709903},{"name":"$(\".signup-form/button\") should be([clickable: interactable and enabled, 30 s.])","status":"passed","stage":"finished","steps":[],"attachments":[],"parameters":[],"start":1755796709903,"stop":1755796709961},{"name":"$(\".signup-form/button\") click()","status":"passed","stage":"finished","steps":[],"attachments":[],"parameters":[],"start":1755796709962,"stop":1755796713242}],"attachments":[],"parameters":[{"name":"nextPageClas","value":"class com.gucci.layers.web.page.signup_login.SignUpPage"}],"start":1755796709601,"stop":1755796713279},{"name":"$(\".login-form/b\") should have(exact text \"Enter Account Information\")","status":"passed","stage":"finished","steps":[],"attachments":[],"parameters":[],"start":1755796713283,"stop":1755796713416},{"name":"$(\"By.xpath: //input[@value='Mrs']\") should be([visible, 30 s.])","status":"passed","stage":"finished","steps":[],"attachments":[],"parameters":[],"start":1755796713418,"stop":1755796713461},{"name":"$(\"By.xpath: //input[@value='Mrs']\") should be([enabled, 30 s.])","status":"passed","stage":"finished","steps":[],"attachments":[],"parameters":[],"start":1755796713461,"stop":1755796713503},{"name":"$(\"By.xpath: //input[@value='Mrs']\") should not have([attribute disabled, 30 s.])","status":"passed","stage":"finished","steps":[],"attachments":[],"parameters":[],"start":1755796713503,"stop":1755796713537},{"name":"$(\"By.xpath: //input[@value='Mrs']\") should be([clickable: interactable and enabled, 30 s.])","status":"passed","stage":"finished","steps":[],"attachments":[],"parameters":[],"start":1755796713538,"stop":1755796713585},{"name":"$(\"By.xpath: //input[@value='Mrs']\") click()","status":"passed","stage":"finished","steps":[],"attachments":[],"parameters":[],"start":1755796713586,"stop":1755796713729},{"name":"$(\"#password\") should be([visible, 30 s.])","status":"passed","stage":"finished","steps":[],"attachments":[],"parameters":[],"start":1755796713731,"stop":1755796713853},{"name":"$(\"#password\") should be([enabled, 30 s.])","status":"passed","stage":"finished","steps":[],"attachments":[],"parameters":[],"start":1755796713854,"stop":1755796713884},{"name":"$(\"#password\") scroll to()","status":"passed","stage":"finished","steps":[],"attachments":[],"parameters":[],"start":1755796713885,"stop":1755796713948},{"name":"$(\"#password\") send keys(81p32wt11)","status":"passed","stage":"finished","steps":[],"attachments":[],"parameters":[],"start":1755796713949,"stop":1755796714157},{"name":"$(\"#days\") should be([visible, 30 s.])","status":"passed","stage":"finished","steps":[],"attachments":[],"parameters":[],"start":1755796714157,"stop":1755796714414},{"name":"$(\"#days\") select option(3)","status":"passed","stage":"finished","steps":[],"attachments":[],"parameters":[],"start":1755796714415,"stop":1755796714469},{"name":"$(\"#months\") should be([visible, 30 s.])","status":"passed","stage":"finished","steps":[],"attachments":[],"parameters":[],"start":1755796714471,"stop":1755796714531},{"name":"$(\"#months\") select option(December)","status":"passed","stage":"finished","steps":[],"attachments":[],"parameters":[],"start":1755796714531,"stop":1755796714579},{"name":"$(\"#years\") should be([visible, 30 s.])","status":"passed","stage":"finished","steps":[],"attachments":[],"parameters":[],"start":1755796714579,"stop":1755796714633},{"name":"$(\"#years\") select option(1961)","status":"passed","stage":"finished","steps":[],"attachments":[],"parameters":[],"start":1755796714634,"stop":1755796714681},{"name":"$(\"#first_name\") should be([visible, 30 s.])","status":"passed","stage":"finished","steps":[],"attachments":[],"parameters":[],"start":1755796714681,"stop":1755796714747},{"name":"$(\"#first_name\") should be([enabled, 30 s.])","status":"passed","stage":"finished","steps":[],"attachments":[],"parameters":[],"start":1755796714748,"stop":1755796714798},{"name":"$(\"#first_name\") scroll to()","status":"passed","stage":"finished","steps":[],"attachments":[],"parameters":[],"start":1755796714798,"stop":1755796714898},{"name":"$(\"#first_name\") send keys(Andreas)","status":"passed","stage":"finished","steps":[],"attachments":[],"parameters":[],"start":1755796714898,"stop":1755796715084},{"name":"$(\"#last_name\") should be([visible, 30 s.])","status":"passed","stage":"finished","steps":[],"attachments":[],"parameters":[],"start":1755796715084,"stop":1755796715185},{"name":"$(\"#last_name\") should be([enabled, 30 s.])","status":"passed","stage":"finished","steps":[],"attachments":[],"parameters":[],"start":1755796715187,"stop":1755796715301},{"name":"$(\"#last_name\") scroll to()","status":"passed","stage":"finished","steps":[],"attachments":[],"parameters":[],"start":1755796715302,"stop":1755796715386},{"name":"$(\"#last_name\") send keys(Turcotte)","status":"passed","stage":"finished","steps":[],"attachments":[],"parameters":[],"start":1755796715387,"stop":1755796715546},{"name":"$(\"#company\") should be([visible, 30 s.])","status":"passed","stage":"finished","steps":[],"attachments":[],"parameters":[],"start":1755796715547,"stop":1755796715605},{"name":"$(\"#company\") should be([enabled, 30 s.])","status":"passed","stage":"finished","steps":[],"attachments":[],"parameters":[],"start":1755796715608,"stop":1755796715668},{"name":"$(\"#company\") scroll to()","status":"passed","stage":"finished","steps":[],"attachments":[],"parameters":[],"start":1755796715668,"stop":1755796715729},{"name":"$(\"#company\") send keys(Klein, Johns and Paucek)","status":"passed","stage":"finished","steps":[],"attachments":[],"parameters":[],"start":1755796715731,"stop":1755796715962},{"name":"$(\"#address1\") should be([visible, 30 s.])","status":"passed","stage":"finished","steps":[],"attachments":[],"parameters":[],"start":1755796715962,"stop":1755796716141},{"name":"$(\"#address1\") should be([enabled, 30 s.])","status":"passed","stage":"finished","steps":[],"attachments":[],"parameters":[],"start":1755796716142,"stop":1755796716183},{"name":"$(\"#address1\") scroll to()","status":"passed","stage":"finished","steps":[],"attachments":[],"parameters":[],"start":1755796716183,"stop":1755796716244},{"name":"$(\"#address1\") send keys(9611 Kassulke Radial)","status":"passed","stage":"finished","steps":[],"attachments":[],"parameters":[],"start":1755796716245,"stop":1755796716414},{"name":"$(\"#address2\") should be([visible, 30 s.])","status":"passed","stage":"finished","steps":[],"attachments":[],"parameters":[],"start":1755796716415,"stop":1755796716458},{"name":"$(\"#address2\") should be([enabled, 30 s.])","status":"passed","stage":"finished","steps":[],"attachments":[],"parameters":[],"start":1755796716459,"stop":1755796716495},{"name":"$(\"#address2\") scroll to()","status":"passed","stage":"finished","steps":[],"attachments":[],"parameters":[],"start":1755796716496,"stop":1755796716538},{"name":"$(\"#address2\") send keys(Apt. 868)","status":"passed","stage":"finished","steps":[],"attachments":[],"parameters":[],"start":1755796716539,"stop":1755796716674},{"name":"$(\"#country\") should be([visible, 30 s.])","status":"passed","stage":"finished","steps":[],"attachments":[],"parameters":[],"start":1755796716675,"stop":1755796716717},{"name":"$(\"#country\") select option(Israel)","status":"passed","stage":"finished","steps":[],"attachments":[],"parameters":[],"start":1755796716717,"stop":1755796716754},{"name":"$(\"#state\") should be([visible, 30 s.])","status":"passed","stage":"finished","steps":[],"attachments":[],"parameters":[],"start":1755796716754,"stop":1755796716790},{"name":"$(\"#state\") should be([enabled, 30 s.])","status":"passed","stage":"finished","steps":[],"attachments":[],"parameters":[],"start":1755796716790,"stop":1755796716817},{"name":"$(\"#state\") scroll to()","status":"passed","stage":"finished","steps":[],"attachments":[],"parameters":[],"start":1755796716817,"stop":1755796716870},{"name":"$(\"#state\") send keys(Connecticut)","status":"passed","stage":"finished","steps":[],"attachments":[],"parameters":[],"start":1755796716870,"stop":1755796716981},{"name":"$(\"#city\") should be([visible, 30 s.])","status":"passed","stage":"finished","steps":[],"attachments":[],"parameters":[],"start":1755796716981,"stop":1755796717025},{"name":"$(\"#city\") should be([enabled, 30 s.])","status":"passed","stage":"finished","steps":[],"attachments":[],"parameters":[],"start":1755796717026,"stop":1755796717059},{"name":"$(\"#city\") scroll to()","status":"passed","stage":"finished","steps":[],"attachments":[],"parameters":[],"start":1755796717059,"stop":1755796717236},{"name":"$(\"#city\") send keys(Kristiechester)","status":"passed","stage":"finished","steps":[],"attachments":[],"parameters":[],"start":1755796717237,"stop":1755796717387},{"name":"$(\"#zipcode\") should be([visible, 30 s.])","status":"passed","stage":"finished","steps":[],"attachments":[],"parameters":[],"start":1755796717388,"stop":1755796717437},{"name":"$(\"#zipcode\") should be([enabled, 30 s.])","status":"passed","stage":"finished","steps":[],"attachments":[],"parameters":[],"start":1755796717438,"stop":1755796717479},{"name":"$(\"#zipcode\") scroll to()","status":"passed","stage":"finished","steps":[],"attachments":[],"parameters":[],"start":1755796717479,"stop":1755796717545},{"name":"$(\"#zipcode\") send keys(70892)","status":"passed","stage":"finished","steps":[],"attachments":[],"parameters":[],"start":1755796717545,"stop":1755796717698},{"name":"$(\"#mobile_number\") should be([visible, 30 s.])","status":"passed","stage":"finished","steps":[],"attachments":[],"parameters":[],"start":1755796717698,"stop":1755796717736},{"name":"$(\"#mobile_number\") should be([enabled, 30 s.])","status":"passed","stage":"finished","steps":[],"attachments":[],"parameters":[],"start":1755796717737,"stop":1755796717774},{"name":"$(\"#mobile_number\") scroll to()","status":"passed","stage":"finished","steps":[],"attachments":[],"parameters":[],"start":1755796717774,"stop":1755796717816},{"name":"$(\"#mobile_number\") send keys((843) 615-1101)","status":"passed","stage":"finished","steps":[],"attachments":[],"parameters":[],"start":1755796717817,"stop":1755796717922},{"name":"$(\"By.xpath: //button[@data-qa='create-account']\") should be([visible, 30 s.])","status":"passed","stage":"finished","steps":[],"attachments":[],"parameters":[],"start":1755796717922,"stop":1755796717954},{"name":"$(\"By.xpath: //button[@data-qa='create-account']\") should be([enabled, 30 s.])","status":"passed","stage":"finished","steps":[],"attachments":[],"parameters":[],"start":1755796717954,"stop":1755796717976},{"name":"$(\"By.xpath: //button[@data-qa='create-account']\") should not have([attribute disabled, 30 s.])","status":"passed","stage":"finished","steps":[],"attachments":[],"parameters":[],"start":1755796717977,"stop":1755796718001},{"name":"$(\"By.xpath: //button[@data-qa='create-account']\") should be([clickable: interactable and enabled, 30 s.])","status":"passed","stage":"finished","steps":[],"attachments":[],"parameters":[],"start":1755796718002,"stop":1755796718037},{"name":"$(\"By.xpath: //button[@data-qa='create-account']\") click()","status":"passed","stage":"finished","steps":[],"attachments":[],"parameters":[],"start":1755796718037,"stop":1755796718153},{"name":"$(\".row b\") should have([exact text \"Account Created!\", 15 s.])","status":"passed","stage":"finished","steps":[],"attachments":[],"parameters":[],"start":1755796718176,"stop":1755796722824},{"name":"$(\"By.xpath: //a[@data-qa='continue-button']\") should be([visible, 30 s.])","status":"passed","stage":"finished","steps":[],"attachments":[],"parameters":[],"start":1755796722824,"stop":1755796722842},{"name":"$(\"By.xpath: //a[@data-qa='continue-button']\") should be([enabled, 30 s.])","status":"passed","stage":"finished","steps":[],"attachments":[],"parameters":[],"start":1755796722842,"stop":1755796722857},{"name":"$(\"By.xpath: //a[@data-qa='continue-button']\") should not have([attribute disabled, 30 s.])","status":"passed","stage":"finished","steps":[],"attachments":[],"parameters":[],"start":1755796722857,"stop":1755796722871},{"name":"$(\"By.xpath: //a[@data-qa='continue-button']\") should be([clickable: interactable and enabled, 30 s.])","status":"passed","stage":"finished","steps":[],"attachments":[],"parameters":[],"start":1755796722871,"stop":1755796722890},{"name":"$(\"By.xpath: //a[@data-qa='continue-button']\") click()","status":"passed","stage":"finished","steps":[],"attachments":[],"parameters":[],"start":1755796722890,"stop":1755796724918},{"name":"$(\"#header/b\") should have(exact text \"Aidai\")","status":"passed","stage":"finished","steps":[],"attachments":[],"parameters":[],"start":1755796724919,"stop":1755796724948},{"name":"$(\"a[href='/view_cart']\") should be([visible, 30 s.])","status":"passed","stage":"finished","steps":[],"attachments":[],"parameters":[],"start":1755796724948,"stop":1755796724962},{"name":"$(\"a[href='/view_cart']\") should be([enabled, 30 s.])","status":"passed","stage":"finished","steps":[],"attachments":[],"parameters":[],"start":1755796724962,"stop":1755796724973},{"name":"$(\"a[href='/view_cart']\") should not have([attribute disabled, 30 s.])","status":"passed","stage":"finished","steps":[],"attachments":[],"parameters":[],"start":1755796724973,"stop":1755796724983},{"name":"$(\"a[href='/view_cart']\") should be([clickable: interactable and enabled, 30 s.])","status":"passed","stage":"finished","steps":[],"attachments":[],"parameters":[],"start":1755796724983,"stop":1755796724998},{"name":"$(\"a[href='/view_cart']\") click()","status":"passed","stage":"finished","steps":[],"attachments":[],"parameters":[],"start":1755796724998,"stop":1755796727911},{"name":"click proceed checkout","status":"passed","stage":"finished","steps":[{"name":"$(\"By.xpath: //a[text() = 'Proceed To Checkout']\") should be([visible, 30 s.])","status":"passed","stage":"finished","steps":[],"attachments":[],"parameters":[],"start":1755796727914,"stop":1755796727929},{"name":"$(\"By.xpath: //a[text() = 'Proceed To Checkout']\") should be([enabled, 30 s.])","status":"passed","stage":"finished","steps":[],"attachments":[],"parameters":[],"start":1755796727929,"stop":1755796727943},{"name":"$(\"By.xpath: //a[text() = 'Proceed To Checkout']\") should not have([attribute disabled, 30 s.])","status":"passed","stage":"finished","steps":[],"attachments":[],"parameters":[],"start":1755796727943,"stop":1755796727954},{"name":"$(\"By.xpath: //a[text() = 'Proceed To Checkout']\") should be([clickable: interactable and enabled, 30 s.])","status":"passed","stage":"finished","steps":[],"attachments":[],"parameters":[],"start":1755796727954,"stop":1755796727971},{"name":"$(\"By.xpath: //a[text() = 'Proceed To Checkout']\") click()","status":"passed","stage":"finished","steps":[],"attachments":[],"parameters":[],"start":1755796727971,"stop":1755796730230}],"attachments":[],"parameters":[],"start":1755796727914,"stop":1755796730230},{"name":"verify address details text ","status":"passed","stage":"finished","steps":[{"name":"$(\"By.xpath: (//h2[text()='Address Details'])\") should be(visible)","status":"passed","stage":"finished","steps":[],"attachments":[],"parameters":[],"start":1755796730231,"stop":1755796730252}],"attachments":[],"parameters":[],"start":1755796730230,"stop":1755796730252},{"name":"verify review your order","status":"passed","stage":"finished","steps":[{"name":"$(\"By.xpath: (//h2[text()='Review Your Order'])\") should be(visible)","status":"passed","stage":"finished","steps":[],"attachments":[],"parameters":[],"start":1755796730252,"stop":1755796730270}],"attachments":[],"parameters":[],"start":1755796730252,"stop":1755796730270},{"name":"fill form control","status":"broken","statusDetails":{"known":false,"muted":false,"flaky":false,"message":"invalid selector: Unable to locate an element with the xpath expression (//textarea[@class='form-control'] because of the following error:\nSyntaxError: Failed to execute 'evaluate' on 'Document': The string '(//textarea[@class='form-control']' is not a valid XPath expression.\n  (Session info: chrome=139.0.7258.128)\nFor documentation on this error, please visit: https://www.selenium.dev/documentation/webdriver/troubleshooting/errors#invalid-selector-exception\nBuild info: version: '4.30.0', revision: '509c7f17cc*'\nSystem info: os.name: 'Mac OS X', os.arch: 'aarch64', os.version: '15.1', java.version: '21.0.7'\nDriver info: org.openqa.selenium.chrome.ChromeDriver\nCommand: [029cea1941b51354ad6532e62d675637, findElement {value=(//textarea[@class='form-control'], using=xpath}]\nCapabilities {acceptInsecureCerts: true, browserName: chrome, browserVersion: 139.0.7258.128, chrome: {chromedriverVersion: 139.0.7258.138 (884e54ea8d4..., userDataDir: /var/folders/2g/w_6ch50d66b...}, fedcm:accounts: true, goog:chromeOptions: {debuggerAddress: localhost:61985}, networkConnectionEnabled: false, pageLoadStrategy: normal, platformName: mac, proxy: Proxy(), se:cdp: ws://localhost:61985/devtoo..., se:cdpVersion: 139.0.7258.128, setWindowRect: true, strictFileInteractability: false, timeouts: {implicit: 0, pageLoad: 300000, script: 30000}, unhandledPromptBehavior: accept, webauthn:extension:credBlob: true, webauthn:extension:largeBlob: true, webauthn:extension:minPinLength: true, webauthn:extension:prf: true, webauthn:virtualAuthenticators: true}\nSession ID: 029cea1941b51354ad6532e62d675637","trace":"org.openqa.selenium.InvalidSelectorException: invalid selector: Unable to locate an element with the xpath expression (//textarea[@class='form-control'] because of the following error:\nSyntaxError: Failed to execute 'evaluate' on 'Document': The string '(//textarea[@class='form-control']' is not a valid XPath expression.\n  (Session info: chrome=139.0.7258.128)\nFor documentation on this error, please visit: https://www.selenium.dev/documentation/webdriver/troubleshooting/errors#invalid-selector-exception\nBuild info: version: '4.30.0', revision: '509c7f17cc*'\nSystem info: os.name: 'Mac OS X', os.arch: 'aarch64', os.version: '15.1', java.version: '21.0.7'\nDriver info: org.openqa.selenium.chrome.ChromeDriver\nCommand: [029cea1941b51354ad6532e62d675637, findElement {value=(//textarea[@class='form-control'], using=xpath}]\nCapabilities {acceptInsecureCerts: true, browserName: chrome, browserVersion: 139.0.7258.128, chrome: {chromedriverVersion: 139.0.7258.138 (884e54ea8d4..., userDataDir: /var/folders/2g/w_6ch50d66b...}, fedcm:accounts: true, goog:chromeOptions: {debuggerAddress: localhost:61985}, networkConnectionEnabled: false, pageLoadStrategy: normal, platformName: mac, proxy: Proxy(), se:cdp: ws://localhost:61985/devtoo..., se:cdpVersion: 139.0.7258.128, setWindowRect: true, strictFileInteractability: false, timeouts: {implicit: 0, pageLoad: 300000, script: 30000}, unhandledPromptBehavior: accept, webauthn:extension:credBlob: true, webauthn:extension:largeBlob: true, webauthn:extension:minPinLength: true, webauthn:extension:prf: true, webauthn:virtualAuthenticators: true}\nSession ID: 029cea1941b51354ad6532e62d675637\n\tat java.base/jdk.internal.reflect.DirectConstructorHandleAccessor.newInstance(DirectConstructorHandleAccessor.java:62)\n\tat java.base/java.lang.reflect.Constructor.newInstanceWithCaller(Constructor.java:502)\n\tat java.base/java.lang.reflect.Constructor.newInstance(Constructor.java:486)\n\tat org.openqa.selenium.remote.ErrorCodec.decode(ErrorCodec.java:167)\n\tat org.openqa.selenium.remote.codec.w3c.W3CHttpResponseCodec.decode(W3CHttpResponseCodec.java:138)\n\tat org.openqa.selenium.remote.codec.w3c.W3CHttpResponseCodec.decode(W3CHttpResponseCodec.java:50)\n\tat org.openqa.selenium.remote.HttpCommandExecutor.execute(HttpCommandExecutor.java:215)\n\tat org.openqa.selenium.remote.service.DriverCommandExecutor.invokeExecute(DriverCommandExecutor.java:216)\n\tat org.openqa.selenium.remote.service.DriverCommandExecutor.execute(DriverCommandExecutor.java:174)\n\tat org.openqa.selenium.remote.RemoteWebDriver.execute(RemoteWebDriver.java:545)\n\tat org.openqa.selenium.remote.ElementLocation$ElementFinder$2.findElement(ElementLocation.java:165)\n\tat org.openqa.selenium.remote.ElementLocation.findElement(ElementLocation.java:59)\n\tat org.openqa.selenium.remote.RemoteWebDriver.findElement(RemoteWebDriver.java:368)\n\tat org.openqa.selenium.remote.RemoteWebDriver.findElement(RemoteWebDriver.java:362)\n\tat com.codeborne.selenide.impl.WebElementSelector.findElement(WebElementSelector.java:67)\n\tat com.codeborne.selenide.impl.WebElementSelector.findElement(WebElementSelector.java:38)\n\tat com.codeborne.selenide.impl.WebElementSelector.findElement(WebElementSelector.java:29)\n\tat com.codeborne.selenide.impl.ElementFinder.getWebElement(ElementFinder.java:113)\n\tat com.codeborne.selenide.impl.WebElementSource.checkConditionAndReturnElement(WebElementSource.java:112)\n\tat com.codeborne.selenide.impl.WebElementSource.checkCondition(WebElementSource.java:99)\n\tat com.codeborne.selenide.commands.Should.execute(Should.java:24)\n\tat com.codeborne.selenide.FluentCommand.execute(FluentCommand.java:27)\n\tat com.codeborne.selenide.FluentCommand.execute(FluentCommand.java:19)\n\tat com.codeborne.selenide.commands.Commands.execute(Commands.java:160)\n\tat com.codeborne.selenide.impl.SelenideElementProxy.dispatchAndRetry(SelenideElementProxy.java:131)\n\tat com.codeborne.selenide.impl.SelenideElementProxy.invoke(SelenideElementProxy.java:83)\n\tat jdk.proxy3/jdk.proxy3.$Proxy38.shouldBe(Unknown Source)\n\tat com.gucci.layers.web.manager.ElementManager.input(ElementManager.java:27)\n\tat com.gucci.layers.web.page.selections.CartPage.inputFormControl(CartPage.java:102)\n\tat PlaceOrderTest.registerWhileCheckout(PlaceOrderTest.java:44)\n\tat java.base/jdk.internal.reflect.DirectMethodHandleAccessor.invoke(DirectMethodHandleAccessor.java:103)\n\tat java.base/java.lang.reflect.Method.invoke(Method.java:580)\n\tat org.junit.platform.commons.util.ReflectionUtils.invokeMethod(ReflectionUtils.java:728)\n\tat org.junit.jupiter.engine.execution.MethodInvocation.proceed(MethodInvocation.java:60)\n\tat org.junit.jupiter.engine.execution.InvocationInterceptorChain$ValidatingInvocation.proceed(InvocationInterceptorChain.java:131)\n\tat org.junit.jupiter.api.extension.InvocationInterceptor.interceptTestMethod(InvocationInterceptor.java:119)\n\tat org.junit.jupiter.engine.execution.InterceptingExecutableInvoker$ReflectiveInterceptorCall.lambda$ofVoidMethod$0(InterceptingExecutableInvoker.java:103)\n\tat org.junit.jupiter.engine.execution.InterceptingExecutableInvoker.lambda$invoke$0(InterceptingExecutableInvoker.java:93)\n\tat org.junit.jupiter.engine.execution.InvocationInterceptorChain$InterceptedInvocation.proceed(InvocationInterceptorChain.java:106)\n\tat org.junit.jupiter.engine.extension.TimeoutExtension.intercept(TimeoutExtension.java:156)\n\tat org.junit.jupiter.engine.extension.TimeoutExtension.interceptTestableMethod(TimeoutExtension.java:147)\n\tat org.junit.jupiter.engine.extension.TimeoutExtension.interceptTestMethod(TimeoutExtension.java:86)\n\tat org.junit.jupiter.engine.execution.InterceptingExecutableInvoker$ReflectiveInterceptorCall.lambda$ofVoidMethod$0(InterceptingExecutableInvoker.java:103)\n\tat org.junit.jupiter.engine.execution.InterceptingExecutableInvoker.lambda$invoke$0(InterceptingExecutableInvoker.java:93)\n\tat org.junit.jupiter.engine.execution.InvocationInterceptorChain$InterceptedInvocation.proceed(InvocationInterceptorChain.java:106)\n\tat org.junit.jupiter.engine.execution.InvocationInterceptorChain.proceed(InvocationInterceptorChain.java:64)\n\tat org.junit.jupiter.engine.execution.InvocationInterceptorChain.chainAndInvoke(InvocationInterceptorChain.java:45)\n\tat org.junit.jupiter.engine.execution.InvocationInterceptorChain.invoke(InvocationInterceptorChain.java:37)\n\tat org.junit.jupiter.engine.execution.InterceptingExecutableInvoker.invoke(InterceptingExecutableInvoker.java:92)\n\tat org.junit.jupiter.engine.execution.InterceptingExecutableInvoker.invoke(InterceptingExecutableInvoker.java:86)\n\tat org.junit.jupiter.engine.descriptor.TestMethodTestDescriptor.lambda$invokeTestMethod$7(TestMethodTestDescriptor.java:218)\n\tat org.junit.platform.engine.support.hierarchical.ThrowableCollector.execute(ThrowableCollector.java:73)\n\tat org.junit.jupiter.engine.descriptor.TestMethodTestDescriptor.invokeTestMethod(TestMethodTestDescriptor.java:214)\n\tat org.junit.jupiter.engine.descriptor.TestMethodTestDescriptor.execute(TestMethodTestDescriptor.java:139)\n\tat org.junit.jupiter.engine.descriptor.TestMethodTestDescriptor.execute(TestMethodTestDescriptor.java:69)\n\tat org.junit.platform.engine.support.hierarchical.NodeTestTask.lambda$executeRecursively$6(NodeTestTask.java:151)\n\tat org.junit.platform.engine.support.hierarchical.ThrowableCollector.execute(ThrowableCollector.java:73)\n\tat org.junit.platform.engine.support.hierarchical.NodeTestTask.lambda$executeRecursively$8(NodeTestTask.java:141)\n\tat org.junit.platform.engine.support.hierarchical.Node.around(Node.java:137)\n\tat org.junit.platform.engine.support.hierarchical.NodeTestTask.lambda$executeRecursively$9(NodeTestTask.java:139)\n\tat org.junit.platform.engine.support.hierarchical.ThrowableCollector.execute(ThrowableCollector.java:73)\n\tat org.junit.platform.engine.support.hierarchical.NodeTestTask.executeRecursively(NodeTestTask.java:138)\n\tat org.junit.platform.engine.support.hierarchical.NodeTestTask.execute(NodeTestTask.java:95)\n\tat org.junit.platform.engine.support.hierarchical.ForkJoinPoolHierarchicalTestExecutorService$ExclusiveTask.compute(ForkJoinPoolHierarchicalTestExecutorService.java:202)\n\tat org.junit.platform.engine.support.hierarchical.ForkJoinPoolHierarchicalTestExecutorService.invokeAll(ForkJoinPoolHierarchicalTestExecutorService.java:146)\n\tat org.junit.platform.engine.support.hierarchical.NodeTestTask.lambda$executeRecursively$6(NodeTestTask.java:155)\n\tat org.junit.platform.engine.support.hierarchical.ThrowableCollector.execute(ThrowableCollector.java:73)\n\tat org.junit.platform.engine.support.hierarchical.NodeTestTask.lambda$executeRecursively$8(NodeTestTask.java:141)\n\tat org.junit.platform.engine.support.hierarchical.Node.around(Node.java:137)\n\tat org.junit.platform.engine.support.hierarchical.NodeTestTask.lambda$executeRecursively$9(NodeTestTask.java:139)\n\tat org.junit.platform.engine.support.hierarchical.ThrowableCollector.execute(ThrowableCollector.java:73)\n\tat org.junit.platform.engine.support.hierarchical.NodeTestTask.executeRecursively(NodeTestTask.java:138)\n\tat org.junit.platform.engine.support.hierarchical.NodeTestTask.execute(NodeTestTask.java:95)\n\tat org.junit.platform.engine.support.hierarchical.ForkJoinPoolHierarchicalTestExecutorService$ExclusiveTask.compute(ForkJoinPoolHierarchicalTestExecutorService.java:202)\n\tat org.junit.platform.engine.support.hierarchical.ForkJoinPoolHierarchicalTestExecutorService.invokeAll(ForkJoinPoolHierarchicalTestExecutorService.java:146)\n\tat org.junit.platform.engine.support.hierarchical.NodeTestTask.lambda$executeRecursively$6(NodeTestTask.java:155)\n\tat org.junit.platform.engine.support.hierarchical.ThrowableCollector.execute(ThrowableCollector.java:73)\n\tat org.junit.platform.engine.support.hierarchical.NodeTestTask.lambda$executeRecursively$8(NodeTestTask.java:141)\n\tat org.junit.platform.engine.support.hierarchical.Node.around(Node.java:137)\n\tat org.junit.platform.engine.support.hierarchical.NodeTestTask.lambda$executeRecursively$9(NodeTestTask.java:139)\n\tat org.junit.platform.engine.support.hierarchical.ThrowableCollector.execute(ThrowableCollector.java:73)\n\tat org.junit.platform.engine.support.hierarchical.NodeTestTask.executeRecursively(NodeTestTask.java:138)\n\tat org.junit.platform.engine.support.hierarchical.NodeTestTask.execute(NodeTestTask.java:95)\n\tat org.junit.platform.engine.support.hierarchical.ForkJoinPoolHierarchicalTestExecutorService$ExclusiveTask.compute(ForkJoinPoolHierarchicalTestExecutorService.java:202)\n\tat java.base/java.util.concurrent.RecursiveAction.exec(RecursiveAction.java:194)\n\tat java.base/java.util.concurrent.ForkJoinTask.doExec(ForkJoinTask.java:387)\n\tat java.base/java.util.concurrent.ForkJoinPool$WorkQueue.topLevelExec(ForkJoinPool.java:1312)\n\tat java.base/java.util.concurrent.ForkJoinPool.scan(ForkJoinPool.java:1843)\n\tat java.base/java.util.concurrent.ForkJoinPool.runWorker(ForkJoinPool.java:1808)\n\tat java.base/java.util.concurrent.ForkJoinWorkerThread.run(ForkJoinWorkerThread.java:188)\n"},"stage":"finished","steps":[{"name":"$(\"By.xpath: (//textarea[@class='form-control']\") should be([visible, 30 s.])","status":"broken","statusDetails":{"known":false,"muted":false,"flaky":false,"message":"invalid selector: Unable to locate an element with the xpath expression (//textarea[@class='form-control'] because of the following error:\nSyntaxError: Failed to execute 'evaluate' on 'Document': The string '(//textarea[@class='form-control']' is not a valid XPath expression.\n  (Session info: chrome=139.0.7258.128)\nFor documentation on this error, please visit: https://www.selenium.dev/documentation/webdriver/troubleshooting/errors#invalid-selector-exception\nBuild info: version: '4.30.0', revision: '509c7f17cc*'\nSystem info: os.name: 'Mac OS X', os.arch: 'aarch64', os.version: '15.1', java.version: '21.0.7'\nDriver info: org.openqa.selenium.chrome.ChromeDriver\nCommand: [029cea1941b51354ad6532e62d675637, findElement {value=(//textarea[@class='form-control'], using=xpath}]\nCapabilities {acceptInsecureCerts: true, browserName: chrome, browserVersion: 139.0.7258.128, chrome: {chromedriverVersion: 139.0.7258.138 (884e54ea8d4..., userDataDir: /var/folders/2g/w_6ch50d66b...}, fedcm:accounts: true, goog:chromeOptions: {debuggerAddress: localhost:61985}, networkConnectionEnabled: false, pageLoadStrategy: normal, platformName: mac, proxy: Proxy(), se:cdp: ws://localhost:61985/devtoo..., se:cdpVersion: 139.0.7258.128, setWindowRect: true, strictFileInteractability: false, timeouts: {implicit: 0, pageLoad: 300000, script: 30000}, unhandledPromptBehavior: accept, webauthn:extension:credBlob: true, webauthn:extension:largeBlob: true, webauthn:extension:minPinLength: true, webauthn:extension:prf: true, webauthn:virtualAuthenticators: true}\nSession ID: 029cea1941b51354ad6532e62d675637","trace":"org.openqa.selenium.InvalidSelectorException: invalid selector: Unable to locate an element with the xpath expression (//textarea[@class='form-control'] because of the following error:\nSyntaxError: Failed to execute 'evaluate' on 'Document': The string '(//textarea[@class='form-control']' is not a valid XPath expression.\n  (Session info: chrome=139.0.7258.128)\nFor documentation on this error, please visit: https://www.selenium.dev/documentation/webdriver/troubleshooting/errors#invalid-selector-exception\nBuild info: version: '4.30.0', revision: '509c7f17cc*'\nSystem info: os.name: 'Mac OS X', os.arch: 'aarch64', os.version: '15.1', java.version: '21.0.7'\nDriver info: org.openqa.selenium.chrome.ChromeDriver\nCommand: [029cea1941b51354ad6532e62d675637, findElement {value=(//textarea[@class='form-control'], using=xpath}]\nCapabilities {acceptInsecureCerts: true, browserName: chrome, browserVersion: 139.0.7258.128, chrome: {chromedriverVersion: 139.0.7258.138 (884e54ea8d4..., userDataDir: /var/folders/2g/w_6ch50d66b...}, fedcm:accounts: true, goog:chromeOptions: {debuggerAddress: localhost:61985}, networkConnectionEnabled: false, pageLoadStrategy: normal, platformName: mac, proxy: Proxy(), se:cdp: ws://localhost:61985/devtoo..., se:cdpVersion: 139.0.7258.128, setWindowRect: true, strictFileInteractability: false, timeouts: {implicit: 0, pageLoad: 300000, script: 30000}, unhandledPromptBehavior: accept, webauthn:extension:credBlob: true, webauthn:extension:largeBlob: true, webauthn:extension:minPinLength: true, webauthn:extension:prf: true, webauthn:virtualAuthenticators: true}\nSession ID: 029cea1941b51354ad6532e62d675637\n\tat java.base/jdk.internal.reflect.DirectConstructorHandleAccessor.newInstance(DirectConstructorHandleAccessor.java:62)\n\tat java.base/java.lang.reflect.Constructor.newInstanceWithCaller(Constructor.java:502)\n\tat java.base/java.lang.reflect.Constructor.newInstance(Constructor.java:486)\n\tat org.openqa.selenium.remote.ErrorCodec.decode(ErrorCodec.java:167)\n\tat org.openqa.selenium.remote.codec.w3c.W3CHttpResponseCodec.decode(W3CHttpResponseCodec.java:138)\n\tat org.openqa.selenium.remote.codec.w3c.W3CHttpResponseCodec.decode(W3CHttpResponseCodec.java:50)\n\tat org.openqa.selenium.remote.HttpCommandExecutor.execute(HttpCommandExecutor.java:215)\n\tat org.openqa.selenium.remote.service.DriverCommandExecutor.invokeExecute(DriverCommandExecutor.java:216)\n\tat org.openqa.selenium.remote.service.DriverCommandExecutor.execute(DriverCommandExecutor.java:174)\n\tat org.openqa.selenium.remote.RemoteWebDriver.execute(RemoteWebDriver.java:545)\n\tat org.openqa.selenium.remote.ElementLocation$ElementFinder$2.findElement(ElementLocation.java:165)\n\tat org.openqa.selenium.remote.ElementLocation.findElement(ElementLocation.java:59)\n\tat org.openqa.selenium.remote.RemoteWebDriver.findElement(RemoteWebDriver.java:368)\n\tat org.openqa.selenium.remote.RemoteWebDriver.findElement(RemoteWebDriver.java:362)\n\tat com.codeborne.selenide.impl.WebElementSelector.findElement(WebElementSelector.java:67)\n\tat com.codeborne.selenide.impl.WebElementSelector.findElement(WebElementSelector.java:38)\n\tat com.codeborne.selenide.impl.WebElementSelector.findElement(WebElementSelector.java:29)\n\tat com.codeborne.selenide.impl.ElementFinder.getWebElement(ElementFinder.java:113)\n\tat com.codeborne.selenide.impl.WebElementSource.checkConditionAndReturnElement(WebElementSource.java:112)\n\tat com.codeborne.selenide.impl.WebElementSource.checkCondition(WebElementSource.java:99)\n\tat com.codeborne.selenide.commands.Should.execute(Should.java:24)\n\tat com.codeborne.selenide.FluentCommand.execute(FluentCommand.java:27)\n\tat com.codeborne.selenide.FluentCommand.execute(FluentCommand.java:19)\n\tat com.codeborne.selenide.commands.Commands.execute(Commands.java:160)\n\tat com.codeborne.selenide.impl.SelenideElementProxy.dispatchAndRetry(SelenideElementProxy.java:131)\n\tat com.codeborne.selenide.impl.SelenideElementProxy.invoke(SelenideElementProxy.java:83)\n\tat jdk.proxy3/jdk.proxy3.$Proxy38.shouldBe(Unknown Source)\n\tat com.gucci.layers.web.manager.ElementManager.input(ElementManager.java:27)\n\tat com.gucci.layers.web.page.selections.CartPage.inputFormControl(CartPage.java:102)\n\tat PlaceOrderTest.registerWhileCheckout(PlaceOrderTest.java:44)\n\tat java.base/jdk.internal.reflect.DirectMethodHandleAccessor.invoke(DirectMethodHandleAccessor.java:103)\n\tat java.base/java.lang.reflect.Method.invoke(Method.java:580)\n\tat org.junit.platform.commons.util.ReflectionUtils.invokeMethod(ReflectionUtils.java:728)\n\tat org.junit.jupiter.engine.execution.MethodInvocation.proceed(MethodInvocation.java:60)\n\tat org.junit.jupiter.engine.execution.InvocationInterceptorChain$ValidatingInvocation.proceed(InvocationInterceptorChain.java:131)\n\tat org.junit.jupiter.api.extension.InvocationInterceptor.interceptTestMethod(InvocationInterceptor.java:119)\n\tat org.junit.jupiter.engine.execution.InterceptingExecutableInvoker$ReflectiveInterceptorCall.lambda$ofVoidMethod$0(InterceptingExecutableInvoker.java:103)\n\tat org.junit.jupiter.engine.execution.InterceptingExecutableInvoker.lambda$invoke$0(InterceptingExecutableInvoker.java:93)\n\tat org.junit.jupiter.engine.execution.InvocationInterceptorChain$InterceptedInvocation.proceed(InvocationInterceptorChain.java:106)\n\tat org.junit.jupiter.engine.extension.TimeoutExtension.intercept(TimeoutExtension.java:156)\n\tat org.junit.jupiter.engine.extension.TimeoutExtension.interceptTestableMethod(TimeoutExtension.java:147)\n\tat org.junit.jupiter.engine.extension.TimeoutExtension.interceptTestMethod(TimeoutExtension.java:86)\n\tat org.junit.jupiter.engine.execution.InterceptingExecutableInvoker$ReflectiveInterceptorCall.lambda$ofVoidMethod$0(InterceptingExecutableInvoker.java:103)\n\tat org.junit.jupiter.engine.execution.InterceptingExecutableInvoker.lambda$invoke$0(InterceptingExecutableInvoker.java:93)\n\tat org.junit.jupiter.engine.execution.InvocationInterceptorChain$InterceptedInvocation.proceed(InvocationInterceptorChain.java:106)\n\tat org.junit.jupiter.engine.execution.InvocationInterceptorChain.proceed(InvocationInterceptorChain.java:64)\n\tat org.junit.jupiter.engine.execution.InvocationInterceptorChain.chainAndInvoke(InvocationInterceptorChain.java:45)\n\tat org.junit.jupiter.engine.execution.InvocationInterceptorChain.invoke(InvocationInterceptorChain.java:37)\n\tat org.junit.jupiter.engine.execution.InterceptingExecutableInvoker.invoke(InterceptingExecutableInvoker.java:92)\n\tat org.junit.jupiter.engine.execution.InterceptingExecutableInvoker.invoke(InterceptingExecutableInvoker.java:86)\n\tat org.junit.jupiter.engine.descriptor.TestMethodTestDescriptor.lambda$invokeTestMethod$7(TestMethodTestDescriptor.java:218)\n\tat org.junit.platform.engine.support.hierarchical.ThrowableCollector.execute(ThrowableCollector.java:73)\n\tat org.junit.jupiter.engine.descriptor.TestMethodTestDescriptor.invokeTestMethod(TestMethodTestDescriptor.java:214)\n\tat org.junit.jupiter.engine.descriptor.TestMethodTestDescriptor.execute(TestMethodTestDescriptor.java:139)\n\tat org.junit.jupiter.engine.descriptor.TestMethodTestDescriptor.execute(TestMethodTestDescriptor.java:69)\n\tat org.junit.platform.engine.support.hierarchical.NodeTestTask.lambda$executeRecursively$6(NodeTestTask.java:151)\n\tat org.junit.platform.engine.support.hierarchical.ThrowableCollector.execute(ThrowableCollector.java:73)\n\tat org.junit.platform.engine.support.hierarchical.NodeTestTask.lambda$executeRecursively$8(NodeTestTask.java:141)\n\tat org.junit.platform.engine.support.hierarchical.Node.around(Node.java:137)\n\tat org.junit.platform.engine.support.hierarchical.NodeTestTask.lambda$executeRecursively$9(NodeTestTask.java:139)\n\tat org.junit.platform.engine.support.hierarchical.ThrowableCollector.execute(ThrowableCollector.java:73)\n\tat org.junit.platform.engine.support.hierarchical.NodeTestTask.executeRecursively(NodeTestTask.java:138)\n\tat org.junit.platform.engine.support.hierarchical.NodeTestTask.execute(NodeTestTask.java:95)\n\tat org.junit.platform.engine.support.hierarchical.ForkJoinPoolHierarchicalTestExecutorService$ExclusiveTask.compute(ForkJoinPoolHierarchicalTestExecutorService.java:202)\n\tat org.junit.platform.engine.support.hierarchical.ForkJoinPoolHierarchicalTestExecutorService.invokeAll(ForkJoinPoolHierarchicalTestExecutorService.java:146)\n\tat org.junit.platform.engine.support.hierarchical.NodeTestTask.lambda$executeRecursively$6(NodeTestTask.java:155)\n\tat org.junit.platform.engine.support.hierarchical.ThrowableCollector.execute(ThrowableCollector.java:73)\n\tat org.junit.platform.engine.support.hierarchical.NodeTestTask.lambda$executeRecursively$8(NodeTestTask.java:141)\n\tat org.junit.platform.engine.support.hierarchical.Node.around(Node.java:137)\n\tat org.junit.platform.engine.support.hierarchical.NodeTestTask.lambda$executeRecursively$9(NodeTestTask.java:139)\n\tat org.junit.platform.engine.support.hierarchical.ThrowableCollector.execute(ThrowableCollector.java:73)\n\tat org.junit.platform.engine.support.hierarchical.NodeTestTask.executeRecursively(NodeTestTask.java:138)\n\tat org.junit.platform.engine.support.hierarchical.NodeTestTask.execute(NodeTestTask.java:95)\n\tat org.junit.platform.engine.support.hierarchical.ForkJoinPoolHierarchicalTestExecutorService$ExclusiveTask.compute(ForkJoinPoolHierarchicalTestExecutorService.java:202)\n\tat org.junit.platform.engine.support.hierarchical.ForkJoinPoolHierarchicalTestExecutorService.invokeAll(ForkJoinPoolHierarchicalTestExecutorService.java:146)\n\tat org.junit.platform.engine.support.hierarchical.NodeTestTask.lambda$executeRecursively$6(NodeTestTask.java:155)\n\tat org.junit.platform.engine.support.hierarchical.ThrowableCollector.execute(ThrowableCollector.java:73)\n\tat org.junit.platform.engine.support.hierarchical.NodeTestTask.lambda$executeRecursively$8(NodeTestTask.java:141)\n\tat org.junit.platform.engine.support.hierarchical.Node.around(Node.java:137)\n\tat org.junit.platform.engine.support.hierarchical.NodeTestTask.lambda$executeRecursively$9(NodeTestTask.java:139)\n\tat org.junit.platform.engine.support.hierarchical.ThrowableCollector.execute(ThrowableCollector.java:73)\n\tat org.junit.platform.engine.support.hierarchical.NodeTestTask.executeRecursively(NodeTestTask.java:138)\n\tat org.junit.platform.engine.support.hierarchical.NodeTestTask.execute(NodeTestTask.java:95)\n\tat org.junit.platform.engine.support.hierarchical.ForkJoinPoolHierarchicalTestExecutorService$ExclusiveTask.compute(ForkJoinPoolHierarchicalTestExecutorService.java:202)\n\tat java.base/java.util.concurrent.RecursiveAction.exec(RecursiveAction.java:194)\n\tat java.base/java.util.concurrent.ForkJoinTask.doExec(ForkJoinTask.java:387)\n\tat java.base/java.util.concurrent.ForkJoinPool$WorkQueue.topLevelExec(ForkJoinPool.java:1312)\n\tat java.base/java.util.concurrent.ForkJoinPool.scan(ForkJoinPool.java:1843)\n\tat java.base/java.util.concurrent.ForkJoinPool.runWorker(ForkJoinPool.java:1808)\n\tat java.base/java.util.concurrent.ForkJoinWorkerThread.run(ForkJoinWorkerThread.java:188)\n"},"stage":"finished","steps":[],"attachments":[{"name":"Screenshot","source":"381a661d-31f7-4b12-8ad4-c711c2d67c52-attachment.png","type":"image/png"},{"name":"Page source","source":"7c372b89-3cc9-411c-870c-5eb1a9fc87e1-attachment.html","type":"text/html"}],"parameters":[],"start":1755796730271,"stop":1755796730828}],"attachments":[],"parameters":[],"start":1755796730270,"stop":1755796730829}],"attachments":[],"parameters":[],"start":1755796688458,"stop":1755796730850}