{"uuid":"cf0f0a75-2138-45ec-afaf-5c568baba192","historyId":"6e4b5544d08bcea41fa02da11969f771","testCaseId":"[engine:junit-jupiter]/[class:PlaceOrderTest]/[method:registerWhileCheckout()]","testCaseName":"Place Order: Register while Checkout","fullName":"PlaceOrderTest.registerWhileCheckout","labels":[{"name":"junit.platform.uniqueid","value":"[engine:junit-jupiter]/[class:PlaceOrderTest]/[method:registerWhileCheckout()]"},{"name":"host","value":"MacBook-Air-Ajdaj.local"},{"name":"thread","value":"29888@MacBook-Air-Ajdaj.local.ForkJoinPool-1-worker-1(31)"},{"name":"framework","value":"junit-platform"},{"name":"language","value":"java"},{"name":"package","value":"PlaceOrderTest"},{"name":"testClass","value":"PlaceOrderTest"},{"name":"testMethod","value":"registerWhileCheckout"},{"name":"suite","value":"PlaceOrderTest"}],"links":[],"name":"Place Order: Register while Checkout","status":"broken","statusDetails":{"known":false,"muted":false,"flaky":false,"message":"invalid selector: Unable to locate an element with the xpath expression (//h2[text()= 'Address Details'] because of the following error:\nSyntaxError: Failed to execute 'evaluate' on 'Document': The string '(//h2[text()= 'Address Details']' is not a valid XPath expression.\n  (Session info: chrome=139.0.7258.128)\nFor documentation on this error, please visit: https://www.selenium.dev/documentation/webdriver/troubleshooting/errors#invalid-selector-exception\nBuild info: version: '4.30.0', revision: '509c7f17cc*'\nSystem info: os.name: 'Mac OS X', os.arch: 'aarch64', os.version: '15.1', java.version: '21.0.7'\nDriver info: org.openqa.selenium.chrome.ChromeDriver\nCommand: [6a9cf12a44314872bbe346ebbe01151e, findElement {using=xpath, value=(//h2[text()= 'Address Details']}]\nCapabilities {acceptInsecureCerts: true, browserName: chrome, browserVersion: 139.0.7258.128, chrome: {chromedriverVersion: 139.0.7258.138 (884e54ea8d4..., userDataDir: /var/folders/2g/w_6ch50d66b...}, fedcm:accounts: true, goog:chromeOptions: {debuggerAddress: localhost:60363}, networkConnectionEnabled: false, pageLoadStrategy: normal, platformName: mac, proxy: Proxy(), se:cdp: ws://localhost:60363/devtoo..., se:cdpVersion: 139.0.7258.128, setWindowRect: true, strictFileInteractability: false, timeouts: {implicit: 0, pageLoad: 300000, script: 30000}, unhandledPromptBehavior: accept, webauthn:extension:credBlob: true, webauthn:extension:largeBlob: true, webauthn:extension:minPinLength: true, webauthn:extension:prf: true, webauthn:virtualAuthenticators: true}\nSession ID: 6a9cf12a44314872bbe346ebbe01151e","trace":"org.openqa.selenium.InvalidSelectorException: invalid selector: Unable to locate an element with the xpath expression (//h2[text()= 'Address Details'] because of the following error:\nSyntaxError: Failed to execute 'evaluate' on 'Document': The string '(//h2[text()= 'Address Details']' is not a valid XPath expression.\n  (Session info: chrome=139.0.7258.128)\nFor documentation on this error, please visit: https://www.selenium.dev/documentation/webdriver/troubleshooting/errors#invalid-selector-exception\nBuild info: version: '4.30.0', revision: '509c7f17cc*'\nSystem info: os.name: 'Mac OS X', os.arch: 'aarch64', os.version: '15.1', java.version: '21.0.7'\nDriver info: org.openqa.selenium.chrome.ChromeDriver\nCommand: [6a9cf12a44314872bbe346ebbe01151e, findElement {using=xpath, value=(//h2[text()= 'Address Details']}]\nCapabilities {acceptInsecureCerts: true, browserName: chrome, browserVersion: 139.0.7258.128, chrome: {chromedriverVersion: 139.0.7258.138 (884e54ea8d4..., userDataDir: /var/folders/2g/w_6ch50d66b...}, fedcm:accounts: true, goog:chromeOptions: {debuggerAddress: localhost:60363}, networkConnectionEnabled: false, pageLoadStrategy: normal, platformName: mac, proxy: Proxy(), se:cdp: ws://localhost:60363/devtoo..., se:cdpVersion: 139.0.7258.128, setWindowRect: true, strictFileInteractability: false, timeouts: {implicit: 0, pageLoad: 300000, script: 30000}, unhandledPromptBehavior: accept, webauthn:extension:credBlob: true, webauthn:extension:largeBlob: true, webauthn:extension:minPinLength: true, webauthn:extension:prf: true, webauthn:virtualAuthenticators: true}\nSession ID: 6a9cf12a44314872bbe346ebbe01151e\n\tat java.base/jdk.internal.reflect.DirectConstructorHandleAccessor.newInstance(DirectConstructorHandleAccessor.java:62)\n\tat java.base/java.lang.reflect.Constructor.newInstanceWithCaller(Constructor.java:502)\n\tat java.base/java.lang.reflect.Constructor.newInstance(Constructor.java:486)\n\tat org.openqa.selenium.remote.ErrorCodec.decode(ErrorCodec.java:167)\n\tat org.openqa.selenium.remote.codec.w3c.W3CHttpResponseCodec.decode(W3CHttpResponseCodec.java:138)\n\tat org.openqa.selenium.remote.codec.w3c.W3CHttpResponseCodec.decode(W3CHttpResponseCodec.java:50)\n\tat org.openqa.selenium.remote.HttpCommandExecutor.execute(HttpCommandExecutor.java:215)\n\tat org.openqa.selenium.remote.service.DriverCommandExecutor.invokeExecute(DriverCommandExecutor.java:216)\n\tat org.openqa.selenium.remote.service.DriverCommandExecutor.execute(DriverCommandExecutor.java:174)\n\tat org.openqa.selenium.remote.RemoteWebDriver.execute(RemoteWebDriver.java:545)\n\tat org.openqa.selenium.remote.ElementLocation$ElementFinder$2.findElement(ElementLocation.java:165)\n\tat org.openqa.selenium.remote.ElementLocation.findElement(ElementLocation.java:59)\n\tat org.openqa.selenium.remote.RemoteWebDriver.findElement(RemoteWebDriver.java:368)\n\tat org.openqa.selenium.remote.RemoteWebDriver.findElement(RemoteWebDriver.java:362)\n\tat com.codeborne.selenide.impl.WebElementSelector.findElement(WebElementSelector.java:67)\n\tat com.codeborne.selenide.impl.WebElementSelector.findElement(WebElementSelector.java:38)\n\tat com.codeborne.selenide.impl.WebElementSelector.findElement(WebElementSelector.java:29)\n\tat com.codeborne.selenide.impl.ElementFinder.getWebElement(ElementFinder.java:113)\n\tat com.codeborne.selenide.impl.WebElementSource.checkConditionAndReturnElement(WebElementSource.java:112)\n\tat com.codeborne.selenide.impl.WebElementSource.checkCondition(WebElementSource.java:99)\n\tat com.codeborne.selenide.commands.Should.execute(Should.java:24)\n\tat com.codeborne.selenide.FluentCommand.execute(FluentCommand.java:27)\n\tat com.codeborne.selenide.FluentCommand.execute(FluentCommand.java:19)\n\tat com.codeborne.selenide.commands.Commands.execute(Commands.java:160)\n\tat com.codeborne.selenide.impl.SelenideElementProxy.dispatchAndRetry(SelenideElementProxy.java:131)\n\tat com.codeborne.selenide.impl.SelenideElementProxy.invoke(SelenideElementProxy.java:83)\n\tat jdk.proxy3/jdk.proxy3.$Proxy38.shouldBe(Unknown Source)\n\tat com.gucci.layers.web.page.selections.CartPage.verifyAddressDetailsText(CartPage.java:90)\n\tat PlaceOrderTest.registerWhileCheckout(PlaceOrderTest.java:42)\n\tat java.base/java.lang.reflect.Method.invoke(Method.java:580)\n\tat java.base/java.util.concurrent.RecursiveAction.exec(RecursiveAction.java:194)\n\tat java.base/java.util.concurrent.ForkJoinTask.doExec(ForkJoinTask.java:387)\n\tat java.base/java.util.concurrent.ForkJoinPool$WorkQueue.topLevelExec(ForkJoinPool.java:1312)\n\tat java.base/java.util.concurrent.ForkJoinPool.scan(ForkJoinPool.java:1843)\n\tat java.base/java.util.concurrent.ForkJoinPool.runWorker(ForkJoinPool.java:1808)\n\tat java.base/java.util.concurrent.ForkJoinWorkerThread.run(ForkJoinWorkerThread.java:188)\n"},"stage":"finished","description":"","steps":[{"name":"$(\"open\") https://automationexercise.com/","status":"passed","stage":"finished","steps":[{"name":"$(\"webdriver\") create()","status":"passed","stage":"finished","steps":[],"attachments":[],"parameters":[],"start":1755796317253,"stop":1755796322621}],"attachments":[],"parameters":[],"start":1755796317245,"stop":1755796327240},{"name":"$(\"By.xpath: //a[@href='/' and contains(@style, 'orange')]\") should have(attribute style=\"color: orange;\")","status":"passed","stage":"finished","steps":[],"attachments":[],"parameters":[],"start":1755796327388,"stop":1755796327417},{"name":"Add product to cart from HomePage","status":"passed","stage":"finished","steps":[{"name":"$(\".modal-selector\") is displayed()","status":"passed","stage":"finished","steps":[],"attachments":[],"parameters":[],"start":1755796327437,"stop":1755796327455},{"name":"$(\"By.xpath: (//p[normalize-space(text())='Blue Top']/ancestor::div[contains(@class,'product')]//a[contains(@class,'add-to-cart')])[1]\") get wrapped element()","status":"passed","stage":"finished","steps":[],"attachments":[],"parameters":[],"start":1755796327455,"stop":1755796327466}],"attachments":[],"parameters":[{"name":"productName","value":"Blue Top"}],"start":1755796327436,"stop":1755796327474},{"name":"View cart","status":"passed","stage":"finished","steps":[{"name":"$(\"By.xpath: //a[@href='/view_cart']/u[text()='View Cart']\") should be([visible, 10 s.])","status":"passed","stage":"finished","steps":[],"attachments":[],"parameters":[],"start":1755796327475,"stop":1755796327767},{"name":"$(\"By.xpath: //a[@href='/view_cart']/u[text()='View Cart']\") should be([visible, 30 s.])","status":"passed","stage":"finished","steps":[],"attachments":[],"parameters":[],"start":1755796327767,"stop":1755796327782},{"name":"$(\"By.xpath: //a[@href='/view_cart']/u[text()='View Cart']\") should be([enabled, 30 s.])","status":"passed","stage":"finished","steps":[],"attachments":[],"parameters":[],"start":1755796327782,"stop":1755796327796},{"name":"$(\"By.xpath: //a[@href='/view_cart']/u[text()='View Cart']\") should not have([attribute disabled, 30 s.])","status":"passed","stage":"finished","steps":[],"attachments":[],"parameters":[],"start":1755796327796,"stop":1755796327807},{"name":"$(\"By.xpath: //a[@href='/view_cart']/u[text()='View Cart']\") should be([clickable: interactable and enabled, 30 s.])","status":"passed","stage":"finished","steps":[],"attachments":[],"parameters":[],"start":1755796327808,"stop":1755796327832},{"name":"$(\"By.xpath: //a[@href='/view_cart']/u[text()='View Cart']\") click()","status":"passed","stage":"finished","steps":[],"attachments":[],"parameters":[],"start":1755796327832,"stop":1755796330075}],"attachments":[],"parameters":[],"start":1755796327474,"stop":1755796330080},{"name":"$(\"By.xpath: //div[@class='single-widget']/h2\") should be(visible)","status":"passed","stage":"finished","steps":[],"attachments":[],"parameters":[],"start":1755796330081,"stop":1755796330098},{"name":"click proceed checkout","status":"passed","stage":"finished","steps":[{"name":"$(\"By.xpath: //a[text() = 'Proceed To Checkout']\") should be([visible, 30 s.])","status":"passed","stage":"finished","steps":[],"attachments":[],"parameters":[],"start":1755796330098,"stop":1755796330114},{"name":"$(\"By.xpath: //a[text() = 'Proceed To Checkout']\") should be([enabled, 30 s.])","status":"passed","stage":"finished","steps":[],"attachments":[],"parameters":[],"start":1755796330114,"stop":1755796330126},{"name":"$(\"By.xpath: //a[text() = 'Proceed To Checkout']\") should not have([attribute disabled, 30 s.])","status":"passed","stage":"finished","steps":[],"attachments":[],"parameters":[],"start":1755796330126,"stop":1755796330136},{"name":"$(\"By.xpath: //a[text() = 'Proceed To Checkout']\") should be([clickable: interactable and enabled, 30 s.])","status":"passed","stage":"finished","steps":[],"attachments":[],"parameters":[],"start":1755796330136,"stop":1755796330153},{"name":"$(\"By.xpath: //a[text() = 'Proceed To Checkout']\") click()","status":"passed","stage":"finished","steps":[],"attachments":[],"parameters":[],"start":1755796330153,"stop":1755796330322}],"attachments":[],"parameters":[],"start":1755796330098,"stop":1755796330322},{"name":"click login register","status":"passed","stage":"finished","steps":[{"name":"$(\"By.xpath: (//a[@href = '/login'])[2]\") should be([visible, 30 s.])","status":"passed","stage":"finished","steps":[],"attachments":[],"parameters":[],"start":1755796330322,"stop":1755796330346},{"name":"$(\"By.xpath: (//a[@href = '/login'])[2]\") should be([enabled, 30 s.])","status":"passed","stage":"finished","steps":[],"attachments":[],"parameters":[],"start":1755796330346,"stop":1755796330359},{"name":"$(\"By.xpath: (//a[@href = '/login'])[2]\") should not have([attribute disabled, 30 s.])","status":"passed","stage":"finished","steps":[],"attachments":[],"parameters":[],"start":1755796330359,"stop":1755796330369},{"name":"$(\"By.xpath: (//a[@href = '/login'])[2]\") should be([clickable: interactable and enabled, 30 s.])","status":"passed","stage":"finished","steps":[],"attachments":[],"parameters":[],"start":1755796330370,"stop":1755796330388},{"name":"$(\"By.xpath: (//a[@href = '/login'])[2]\") click()","status":"passed","stage":"finished","steps":[],"attachments":[],"parameters":[],"start":1755796330388,"stop":1755796331930}],"attachments":[],"parameters":[],"start":1755796330322,"stop":1755796331935},{"name":"input user name Aidai","status":"passed","stage":"finished","steps":[{"name":"$(\".signup-form/input[data-qa='signup-name']\") should be([visible, 30 s.])","status":"passed","stage":"finished","steps":[],"attachments":[],"parameters":[],"start":1755796331940,"stop":1755796331972},{"name":"$(\".signup-form/input[data-qa='signup-name']\") should be([enabled, 30 s.])","status":"passed","stage":"finished","steps":[],"attachments":[],"parameters":[],"start":1755796331972,"stop":1755796331989},{"name":"$(\".signup-form/input[data-qa='signup-name']\") scroll to()","status":"passed","stage":"finished","steps":[],"attachments":[],"parameters":[],"start":1755796331989,"stop":1755796332015},{"name":"$(\".signup-form/input[data-qa='signup-name']\") send keys(Aidai)","status":"passed","stage":"finished","steps":[],"attachments":[],"parameters":[],"start":1755796332015,"stop":1755796332203}],"attachments":[],"parameters":[{"name":"name","value":"Aidai"}],"start":1755796331939,"stop":1755796332203},{"name":"input user email floyd.rutherford@hotmail.com","status":"passed","stage":"finished","steps":[{"name":"$(\".signup-form/input[data-qa='signup-email']\") should be([visible, 30 s.])","status":"passed","stage":"finished","steps":[],"attachments":[],"parameters":[],"start":1755796332241,"stop":1755796332271},{"name":"$(\".signup-form/input[data-qa='signup-email']\") should be([enabled, 30 s.])","status":"passed","stage":"finished","steps":[],"attachments":[],"parameters":[],"start":1755796332271,"stop":1755796332300},{"name":"$(\".signup-form/input[data-qa='signup-email']\") scroll to()","status":"passed","stage":"finished","steps":[],"attachments":[],"parameters":[],"start":1755796332301,"stop":1755796332330},{"name":"$(\".signup-form/input[data-qa='signup-email']\") send keys(floyd.rutherford@hotmail.com)","status":"passed","stage":"finished","steps":[],"attachments":[],"parameters":[],"start":1755796332330,"stop":1755796332397}],"attachments":[],"parameters":[{"name":"email","value":"floyd.rutherford@hotmail.com"}],"start":1755796332241,"stop":1755796332397},{"name":"click sign up button","status":"passed","stage":"finished","steps":[{"name":"$(\".signup-form/button\") should be([visible, 30 s.])","status":"passed","stage":"finished","steps":[],"attachments":[],"parameters":[],"start":1755796332400,"stop":1755796332430},{"name":"$(\".signup-form/button\") should be([enabled, 30 s.])","status":"passed","stage":"finished","steps":[],"attachments":[],"parameters":[],"start":1755796332430,"stop":1755796332452},{"name":"$(\".signup-form/button\") should not have([attribute disabled, 30 s.])","status":"passed","stage":"finished","steps":[],"attachments":[],"parameters":[],"start":1755796332452,"stop":1755796332526},{"name":"$(\".signup-form/button\") should be([clickable: interactable and enabled, 30 s.])","status":"passed","stage":"finished","steps":[],"attachments":[],"parameters":[],"start":1755796332526,"stop":1755796332596},{"name":"$(\".signup-form/button\") click()","status":"passed","stage":"finished","steps":[],"attachments":[],"parameters":[],"start":1755796332597,"stop":1755796332767}],"attachments":[],"parameters":[{"name":"nextPageClas","value":"class com.gucci.layers.web.page.signup_login.SignUpPage"}],"start":1755796332400,"stop":1755796332770},{"name":"$(\".login-form/b\") should have(exact text \"Enter Account Information\")","status":"passed","stage":"finished","steps":[],"attachments":[],"parameters":[],"start":1755796332772,"stop":1755796334612},{"name":"$(\"By.xpath: //input[@value='Mr']\") should be([visible, 30 s.])","status":"passed","stage":"finished","steps":[],"attachments":[],"parameters":[],"start":1755796334613,"stop":1755796334630},{"name":"$(\"By.xpath: //input[@value='Mr']\") should be([enabled, 30 s.])","status":"passed","stage":"finished","steps":[],"attachments":[],"parameters":[],"start":1755796334631,"stop":1755796334643},{"name":"$(\"By.xpath: //input[@value='Mr']\") should not have([attribute disabled, 30 s.])","status":"passed","stage":"finished","steps":[],"attachments":[],"parameters":[],"start":1755796334643,"stop":1755796334653},{"name":"$(\"By.xpath: //input[@value='Mr']\") should be([clickable: interactable and enabled, 30 s.])","status":"passed","stage":"finished","steps":[],"attachments":[],"parameters":[],"start":1755796334653,"stop":1755796334671},{"name":"$(\"By.xpath: //input[@value='Mr']\") click()","status":"passed","stage":"finished","steps":[],"attachments":[],"parameters":[],"start":1755796334672,"stop":1755796334748},{"name":"$(\"#password\") should be([visible, 30 s.])","status":"passed","stage":"finished","steps":[],"attachments":[],"parameters":[],"start":1755796334748,"stop":1755796334764},{"name":"$(\"#password\") should be([enabled, 30 s.])","status":"passed","stage":"finished","steps":[],"attachments":[],"parameters":[],"start":1755796334764,"stop":1755796334776},{"name":"$(\"#password\") scroll to()","status":"passed","stage":"finished","steps":[],"attachments":[],"parameters":[],"start":1755796334776,"stop":1755796334793},{"name":"$(\"#password\") send keys(k25x0ts40zgehh)","status":"passed","stage":"finished","steps":[],"attachments":[],"parameters":[],"start":1755796334793,"stop":1755796334853},{"name":"$(\"#days\") should be([visible, 30 s.])","status":"passed","stage":"finished","steps":[],"attachments":[],"parameters":[],"start":1755796334853,"stop":1755796334883},{"name":"$(\"#days\") select option(1)","status":"passed","stage":"finished","steps":[],"attachments":[],"parameters":[],"start":1755796334883,"stop":1755796334907},{"name":"$(\"#months\") should be([visible, 30 s.])","status":"passed","stage":"finished","steps":[],"attachments":[],"parameters":[],"start":1755796334907,"stop":1755796334923},{"name":"$(\"#months\") select option(April)","status":"passed","stage":"finished","steps":[],"attachments":[],"parameters":[],"start":1755796334924,"stop":1755796334937},{"name":"$(\"#years\") should be([visible, 30 s.])","status":"passed","stage":"finished","steps":[],"attachments":[],"parameters":[],"start":1755796334937,"stop":1755796334953},{"name":"$(\"#years\") select option(2006)","status":"passed","stage":"finished","steps":[],"attachments":[],"parameters":[],"start":1755796334954,"stop":1755796334967},{"name":"$(\"#first_name\") should be([visible, 30 s.])","status":"passed","stage":"finished","steps":[],"attachments":[],"parameters":[],"start":1755796334967,"stop":1755796334985},{"name":"$(\"#first_name\") should be([enabled, 30 s.])","status":"passed","stage":"finished","steps":[],"attachments":[],"parameters":[],"start":1755796334985,"stop":1755796334996},{"name":"$(\"#first_name\") scroll to()","status":"passed","stage":"finished","steps":[],"attachments":[],"parameters":[],"start":1755796334996,"stop":1755796335013},{"name":"$(\"#first_name\") send keys(Katharina)","status":"passed","stage":"finished","steps":[],"attachments":[],"parameters":[],"start":1755796335013,"stop":1755796335050},{"name":"$(\"#last_name\") should be([visible, 30 s.])","status":"passed","stage":"finished","steps":[],"attachments":[],"parameters":[],"start":1755796335050,"stop":1755796335066},{"name":"$(\"#last_name\") should be([enabled, 30 s.])","status":"passed","stage":"finished","steps":[],"attachments":[],"parameters":[],"start":1755796335066,"stop":1755796335077},{"name":"$(\"#last_name\") scroll to()","status":"passed","stage":"finished","steps":[],"attachments":[],"parameters":[],"start":1755796335077,"stop":1755796335092},{"name":"$(\"#last_name\") send keys(Wyman)","status":"passed","stage":"finished","steps":[],"attachments":[],"parameters":[],"start":1755796335092,"stop":1755796335137},{"name":"$(\"#company\") should be([visible, 30 s.])","status":"passed","stage":"finished","steps":[],"attachments":[],"parameters":[],"start":1755796335138,"stop":1755796335152},{"name":"$(\"#company\") should be([enabled, 30 s.])","status":"passed","stage":"finished","steps":[],"attachments":[],"parameters":[],"start":1755796335152,"stop":1755796335167},{"name":"$(\"#company\") scroll to()","status":"passed","stage":"finished","steps":[],"attachments":[],"parameters":[],"start":1755796335167,"stop":1755796335184},{"name":"$(\"#company\") send keys(Wisoky-Becker)","status":"passed","stage":"finished","steps":[],"attachments":[],"parameters":[],"start":1755796335184,"stop":1755796335241},{"name":"$(\"#address1\") should be([visible, 30 s.])","status":"passed","stage":"finished","steps":[],"attachments":[],"parameters":[],"start":1755796335241,"stop":1755796335258},{"name":"$(\"#address1\") should be([enabled, 30 s.])","status":"passed","stage":"finished","steps":[],"attachments":[],"parameters":[],"start":1755796335259,"stop":1755796335277},{"name":"$(\"#address1\") scroll to()","status":"passed","stage":"finished","steps":[],"attachments":[],"parameters":[],"start":1755796335277,"stop":1755796335299},{"name":"$(\"#address1\") send keys(89952 Lesa Passage)","status":"passed","stage":"finished","steps":[],"attachments":[],"parameters":[],"start":1755796335299,"stop":1755796335412},{"name":"$(\"#address2\") should be([visible, 30 s.])","status":"passed","stage":"finished","steps":[],"attachments":[],"parameters":[],"start":1755796335413,"stop":1755796335455},{"name":"$(\"#address2\") should be([enabled, 30 s.])","status":"passed","stage":"finished","steps":[],"attachments":[],"parameters":[],"start":1755796335457,"stop":1755796335484},{"name":"$(\"#address2\") scroll to()","status":"passed","stage":"finished","steps":[],"attachments":[],"parameters":[],"start":1755796335484,"stop":1755796335529},{"name":"$(\"#address2\") send keys(Apt. 379)","status":"passed","stage":"finished","steps":[],"attachments":[],"parameters":[],"start":1755796335529,"stop":1755796335735},{"name":"$(\"#country\") should be([visible, 30 s.])","status":"passed","stage":"finished","steps":[],"attachments":[],"parameters":[],"start":1755796335736,"stop":1755796335790},{"name":"$(\"#country\") select option(United States)","status":"passed","stage":"finished","steps":[],"attachments":[],"parameters":[],"start":1755796335790,"stop":1755796335838},{"name":"$(\"#state\") should be([visible, 30 s.])","status":"passed","stage":"finished","steps":[],"attachments":[],"parameters":[],"start":1755796335838,"stop":1755796335896},{"name":"$(\"#state\") should be([enabled, 30 s.])","status":"passed","stage":"finished","steps":[],"attachments":[],"parameters":[],"start":1755796335897,"stop":1755796335939},{"name":"$(\"#state\") scroll to()","status":"passed","stage":"finished","steps":[],"attachments":[],"parameters":[],"start":1755796335939,"stop":1755796336002},{"name":"$(\"#state\") send keys(Hawaii)","status":"passed","stage":"finished","steps":[],"attachments":[],"parameters":[],"start":1755796336003,"stop":1755796336112},{"name":"$(\"#city\") should be([visible, 30 s.])","status":"passed","stage":"finished","steps":[],"attachments":[],"parameters":[],"start":1755796336113,"stop":1755796336162},{"name":"$(\"#city\") should be([enabled, 30 s.])","status":"passed","stage":"finished","steps":[],"attachments":[],"parameters":[],"start":1755796336162,"stop":1755796336215},{"name":"$(\"#city\") scroll to()","status":"passed","stage":"finished","steps":[],"attachments":[],"parameters":[],"start":1755796336215,"stop":1755796336278},{"name":"$(\"#city\") send keys(Boehmmouth)","status":"passed","stage":"finished","steps":[],"attachments":[],"parameters":[],"start":1755796336279,"stop":1755796336355},{"name":"$(\"#zipcode\") should be([visible, 30 s.])","status":"passed","stage":"finished","steps":[],"attachments":[],"parameters":[],"start":1755796336355,"stop":1755796336383},{"name":"$(\"#zipcode\") should be([enabled, 30 s.])","status":"passed","stage":"finished","steps":[],"attachments":[],"parameters":[],"start":1755796336383,"stop":1755796336403},{"name":"$(\"#zipcode\") scroll to()","status":"passed","stage":"finished","steps":[],"attachments":[],"parameters":[],"start":1755796336403,"stop":1755796336443},{"name":"$(\"#zipcode\") send keys(64561)","status":"passed","stage":"finished","steps":[],"attachments":[],"parameters":[],"start":1755796336443,"stop":1755796336532},{"name":"$(\"#mobile_number\") should be([visible, 30 s.])","status":"passed","stage":"finished","steps":[],"attachments":[],"parameters":[],"start":1755796336532,"stop":1755796336574},{"name":"$(\"#mobile_number\") should be([enabled, 30 s.])","status":"passed","stage":"finished","steps":[],"attachments":[],"parameters":[],"start":1755796336574,"stop":1755796336607},{"name":"$(\"#mobile_number\") scroll to()","status":"passed","stage":"finished","steps":[],"attachments":[],"parameters":[],"start":1755796336608,"stop":1755796336674},{"name":"$(\"#mobile_number\") send keys(612.414.7026)","status":"passed","stage":"finished","steps":[],"attachments":[],"parameters":[],"start":1755796336675,"stop":1755796336898},{"name":"$(\"By.xpath: //button[@data-qa='create-account']\") should be([visible, 30 s.])","status":"passed","stage":"finished","steps":[],"attachments":[],"parameters":[],"start":1755796336898,"stop":1755796336959},{"name":"$(\"By.xpath: //button[@data-qa='create-account']\") should be([enabled, 30 s.])","status":"passed","stage":"finished","steps":[],"attachments":[],"parameters":[],"start":1755796336959,"stop":1755796337028},{"name":"$(\"By.xpath: //button[@data-qa='create-account']\") should not have([attribute disabled, 30 s.])","status":"passed","stage":"finished","steps":[],"attachments":[],"parameters":[],"start":1755796337028,"stop":1755796337093},{"name":"$(\"By.xpath: //button[@data-qa='create-account']\") should be([clickable: interactable and enabled, 30 s.])","status":"passed","stage":"finished","steps":[],"attachments":[],"parameters":[],"start":1755796337094,"stop":1755796337180},{"name":"$(\"By.xpath: //button[@data-qa='create-account']\") click()","status":"passed","stage":"finished","steps":[],"attachments":[],"parameters":[],"start":1755796337180,"stop":1755796339945},{"name":"$(\".row b\") should have([exact text \"Account Created!\", 15 s.])","status":"passed","stage":"finished","steps":[],"attachments":[],"parameters":[],"start":1755796339987,"stop":1755796340040},{"name":"$(\"By.xpath: //a[@data-qa='continue-button']\") should be([visible, 30 s.])","status":"passed","stage":"finished","steps":[],"attachments":[],"parameters":[],"start":1755796340040,"stop":1755796340145},{"name":"$(\"By.xpath: //a[@data-qa='continue-button']\") should be([enabled, 30 s.])","status":"passed","stage":"finished","steps":[],"attachments":[],"parameters":[],"start":1755796340145,"stop":1755796340181},{"name":"$(\"By.xpath: //a[@data-qa='continue-button']\") should not have([attribute disabled, 30 s.])","status":"passed","stage":"finished","steps":[],"attachments":[],"parameters":[],"start":1755796340182,"stop":1755796340206},{"name":"$(\"By.xpath: //a[@data-qa='continue-button']\") should be([clickable: interactable and enabled, 30 s.])","status":"passed","stage":"finished","steps":[],"attachments":[],"parameters":[],"start":1755796340206,"stop":1755796340246},{"name":"$(\"By.xpath: //a[@data-qa='continue-button']\") click()","status":"passed","stage":"finished","steps":[],"attachments":[],"parameters":[],"start":1755796340247,"stop":1755796342473},{"name":"$(\"#header/b\") should have(exact text \"Aidai\")","status":"passed","stage":"finished","steps":[],"attachments":[],"parameters":[],"start":1755796342474,"stop":1755796342504},{"name":"$(\"a[href='/view_cart']\") should be([visible, 30 s.])","status":"passed","stage":"finished","steps":[],"attachments":[],"parameters":[],"start":1755796342504,"stop":1755796342519},{"name":"$(\"a[href='/view_cart']\") should be([enabled, 30 s.])","status":"passed","stage":"finished","steps":[],"attachments":[],"parameters":[],"start":1755796342520,"stop":1755796342529},{"name":"$(\"a[href='/view_cart']\") should not have([attribute disabled, 30 s.])","status":"passed","stage":"finished","steps":[],"attachments":[],"parameters":[],"start":1755796342529,"stop":1755796342540},{"name":"$(\"a[href='/view_cart']\") should be([clickable: interactable and enabled, 30 s.])","status":"passed","stage":"finished","steps":[],"attachments":[],"parameters":[],"start":1755796342540,"stop":1755796342557},{"name":"$(\"a[href='/view_cart']\") click()","status":"passed","stage":"finished","steps":[],"attachments":[],"parameters":[],"start":1755796342557,"stop":1755796343906},{"name":"click proceed checkout","status":"passed","stage":"finished","steps":[{"name":"$(\"By.xpath: //a[text() = 'Proceed To Checkout']\") should be([visible, 30 s.])","status":"passed","stage":"finished","steps":[],"attachments":[],"parameters":[],"start":1755796343907,"stop":1755796343921},{"name":"$(\"By.xpath: //a[text() = 'Proceed To Checkout']\") should be([enabled, 30 s.])","status":"passed","stage":"finished","steps":[],"attachments":[],"parameters":[],"start":1755796343921,"stop":1755796343931},{"name":"$(\"By.xpath: //a[text() = 'Proceed To Checkout']\") should not have([attribute disabled, 30 s.])","status":"passed","stage":"finished","steps":[],"attachments":[],"parameters":[],"start":1755796343931,"stop":1755796343944},{"name":"$(\"By.xpath: //a[text() = 'Proceed To Checkout']\") should be([clickable: interactable and enabled, 30 s.])","status":"passed","stage":"finished","steps":[],"attachments":[],"parameters":[],"start":1755796343944,"stop":1755796343960},{"name":"$(\"By.xpath: //a[text() = 'Proceed To Checkout']\") click()","status":"passed","stage":"finished","steps":[],"attachments":[],"parameters":[],"start":1755796343960,"stop":1755796345419}],"attachments":[],"parameters":[],"start":1755796343907,"stop":1755796345419},{"name":"verify address details text ","status":"broken","statusDetails":{"known":false,"muted":false,"flaky":false,"message":"invalid selector: Unable to locate an element with the xpath expression (//h2[text()= 'Address Details'] because of the following error:\nSyntaxError: Failed to execute 'evaluate' on 'Document': The string '(//h2[text()= 'Address Details']' is not a valid XPath expression.\n  (Session info: chrome=139.0.7258.128)\nFor documentation on this error, please visit: https://www.selenium.dev/documentation/webdriver/troubleshooting/errors#invalid-selector-exception\nBuild info: version: '4.30.0', revision: '509c7f17cc*'\nSystem info: os.name: 'Mac OS X', os.arch: 'aarch64', os.version: '15.1', java.version: '21.0.7'\nDriver info: org.openqa.selenium.chrome.ChromeDriver\nCommand: [6a9cf12a44314872bbe346ebbe01151e, findElement {using=xpath, value=(//h2[text()= 'Address Details']}]\nCapabilities {acceptInsecureCerts: true, browserName: chrome, browserVersion: 139.0.7258.128, chrome: {chromedriverVersion: 139.0.7258.138 (884e54ea8d4..., userDataDir: /var/folders/2g/w_6ch50d66b...}, fedcm:accounts: true, goog:chromeOptions: {debuggerAddress: localhost:60363}, networkConnectionEnabled: false, pageLoadStrategy: normal, platformName: mac, proxy: Proxy(), se:cdp: ws://localhost:60363/devtoo..., se:cdpVersion: 139.0.7258.128, setWindowRect: true, strictFileInteractability: false, timeouts: {implicit: 0, pageLoad: 300000, script: 30000}, unhandledPromptBehavior: accept, webauthn:extension:credBlob: true, webauthn:extension:largeBlob: true, webauthn:extension:minPinLength: true, webauthn:extension:prf: true, webauthn:virtualAuthenticators: true}\nSession ID: 6a9cf12a44314872bbe346ebbe01151e","trace":"org.openqa.selenium.InvalidSelectorException: invalid selector: Unable to locate an element with the xpath expression (//h2[text()= 'Address Details'] because of the following error:\nSyntaxError: Failed to execute 'evaluate' on 'Document': The string '(//h2[text()= 'Address Details']' is not a valid XPath expression.\n  (Session info: chrome=139.0.7258.128)\nFor documentation on this error, please visit: https://www.selenium.dev/documentation/webdriver/troubleshooting/errors#invalid-selector-exception\nBuild info: version: '4.30.0', revision: '509c7f17cc*'\nSystem info: os.name: 'Mac OS X', os.arch: 'aarch64', os.version: '15.1', java.version: '21.0.7'\nDriver info: org.openqa.selenium.chrome.ChromeDriver\nCommand: [6a9cf12a44314872bbe346ebbe01151e, findElement {using=xpath, value=(//h2[text()= 'Address Details']}]\nCapabilities {acceptInsecureCerts: true, browserName: chrome, browserVersion: 139.0.7258.128, chrome: {chromedriverVersion: 139.0.7258.138 (884e54ea8d4..., userDataDir: /var/folders/2g/w_6ch50d66b...}, fedcm:accounts: true, goog:chromeOptions: {debuggerAddress: localhost:60363}, networkConnectionEnabled: false, pageLoadStrategy: normal, platformName: mac, proxy: Proxy(), se:cdp: ws://localhost:60363/devtoo..., se:cdpVersion: 139.0.7258.128, setWindowRect: true, strictFileInteractability: false, timeouts: {implicit: 0, pageLoad: 300000, script: 30000}, unhandledPromptBehavior: accept, webauthn:extension:credBlob: true, webauthn:extension:largeBlob: true, webauthn:extension:minPinLength: true, webauthn:extension:prf: true, webauthn:virtualAuthenticators: true}\nSession ID: 6a9cf12a44314872bbe346ebbe01151e\n\tat java.base/jdk.internal.reflect.DirectConstructorHandleAccessor.newInstance(DirectConstructorHandleAccessor.java:62)\n\tat java.base/java.lang.reflect.Constructor.newInstanceWithCaller(Constructor.java:502)\n\tat java.base/java.lang.reflect.Constructor.newInstance(Constructor.java:486)\n\tat org.openqa.selenium.remote.ErrorCodec.decode(ErrorCodec.java:167)\n\tat org.openqa.selenium.remote.codec.w3c.W3CHttpResponseCodec.decode(W3CHttpResponseCodec.java:138)\n\tat org.openqa.selenium.remote.codec.w3c.W3CHttpResponseCodec.decode(W3CHttpResponseCodec.java:50)\n\tat org.openqa.selenium.remote.HttpCommandExecutor.execute(HttpCommandExecutor.java:215)\n\tat org.openqa.selenium.remote.service.DriverCommandExecutor.invokeExecute(DriverCommandExecutor.java:216)\n\tat org.openqa.selenium.remote.service.DriverCommandExecutor.execute(DriverCommandExecutor.java:174)\n\tat org.openqa.selenium.remote.RemoteWebDriver.execute(RemoteWebDriver.java:545)\n\tat org.openqa.selenium.remote.ElementLocation$ElementFinder$2.findElement(ElementLocation.java:165)\n\tat org.openqa.selenium.remote.ElementLocation.findElement(ElementLocation.java:59)\n\tat org.openqa.selenium.remote.RemoteWebDriver.findElement(RemoteWebDriver.java:368)\n\tat org.openqa.selenium.remote.RemoteWebDriver.findElement(RemoteWebDriver.java:362)\n\tat com.codeborne.selenide.impl.WebElementSelector.findElement(WebElementSelector.java:67)\n\tat com.codeborne.selenide.impl.WebElementSelector.findElement(WebElementSelector.java:38)\n\tat com.codeborne.selenide.impl.WebElementSelector.findElement(WebElementSelector.java:29)\n\tat com.codeborne.selenide.impl.ElementFinder.getWebElement(ElementFinder.java:113)\n\tat com.codeborne.selenide.impl.WebElementSource.checkConditionAndReturnElement(WebElementSource.java:112)\n\tat com.codeborne.selenide.impl.WebElementSource.checkCondition(WebElementSource.java:99)\n\tat com.codeborne.selenide.commands.Should.execute(Should.java:24)\n\tat com.codeborne.selenide.FluentCommand.execute(FluentCommand.java:27)\n\tat com.codeborne.selenide.FluentCommand.execute(FluentCommand.java:19)\n\tat com.codeborne.selenide.commands.Commands.execute(Commands.java:160)\n\tat com.codeborne.selenide.impl.SelenideElementProxy.dispatchAndRetry(SelenideElementProxy.java:131)\n\tat com.codeborne.selenide.impl.SelenideElementProxy.invoke(SelenideElementProxy.java:83)\n\tat jdk.proxy3/jdk.proxy3.$Proxy38.shouldBe(Unknown Source)\n\tat com.gucci.layers.web.page.selections.CartPage.verifyAddressDetailsText(CartPage.java:90)\n\tat PlaceOrderTest.registerWhileCheckout(PlaceOrderTest.java:42)\n\tat java.base/jdk.internal.reflect.DirectMethodHandleAccessor.invoke(DirectMethodHandleAccessor.java:103)\n\tat java.base/java.lang.reflect.Method.invoke(Method.java:580)\n\tat org.junit.platform.commons.util.ReflectionUtils.invokeMethod(ReflectionUtils.java:728)\n\tat org.junit.jupiter.engine.execution.MethodInvocation.proceed(MethodInvocation.java:60)\n\tat org.junit.jupiter.engine.execution.InvocationInterceptorChain$ValidatingInvocation.proceed(InvocationInterceptorChain.java:131)\n\tat org.junit.jupiter.api.extension.InvocationInterceptor.interceptTestMethod(InvocationInterceptor.java:119)\n\tat org.junit.jupiter.engine.execution.InterceptingExecutableInvoker$ReflectiveInterceptorCall.lambda$ofVoidMethod$0(InterceptingExecutableInvoker.java:103)\n\tat org.junit.jupiter.engine.execution.InterceptingExecutableInvoker.lambda$invoke$0(InterceptingExecutableInvoker.java:93)\n\tat org.junit.jupiter.engine.execution.InvocationInterceptorChain$InterceptedInvocation.proceed(InvocationInterceptorChain.java:106)\n\tat org.junit.jupiter.engine.extension.TimeoutExtension.intercept(TimeoutExtension.java:156)\n\tat org.junit.jupiter.engine.extension.TimeoutExtension.interceptTestableMethod(TimeoutExtension.java:147)\n\tat org.junit.jupiter.engine.extension.TimeoutExtension.interceptTestMethod(TimeoutExtension.java:86)\n\tat org.junit.jupiter.engine.execution.InterceptingExecutableInvoker$ReflectiveInterceptorCall.lambda$ofVoidMethod$0(InterceptingExecutableInvoker.java:103)\n\tat org.junit.jupiter.engine.execution.InterceptingExecutableInvoker.lambda$invoke$0(InterceptingExecutableInvoker.java:93)\n\tat org.junit.jupiter.engine.execution.InvocationInterceptorChain$InterceptedInvocation.proceed(InvocationInterceptorChain.java:106)\n\tat org.junit.jupiter.engine.execution.InvocationInterceptorChain.proceed(InvocationInterceptorChain.java:64)\n\tat org.junit.jupiter.engine.execution.InvocationInterceptorChain.chainAndInvoke(InvocationInterceptorChain.java:45)\n\tat org.junit.jupiter.engine.execution.InvocationInterceptorChain.invoke(InvocationInterceptorChain.java:37)\n\tat org.junit.jupiter.engine.execution.InterceptingExecutableInvoker.invoke(InterceptingExecutableInvoker.java:92)\n\tat org.junit.jupiter.engine.execution.InterceptingExecutableInvoker.invoke(InterceptingExecutableInvoker.java:86)\n\tat org.junit.jupiter.engine.descriptor.TestMethodTestDescriptor.lambda$invokeTestMethod$7(TestMethodTestDescriptor.java:218)\n\tat org.junit.platform.engine.support.hierarchical.ThrowableCollector.execute(ThrowableCollector.java:73)\n\tat org.junit.jupiter.engine.descriptor.TestMethodTestDescriptor.invokeTestMethod(TestMethodTestDescriptor.java:214)\n\tat org.junit.jupiter.engine.descriptor.TestMethodTestDescriptor.execute(TestMethodTestDescriptor.java:139)\n\tat org.junit.jupiter.engine.descriptor.TestMethodTestDescriptor.execute(TestMethodTestDescriptor.java:69)\n\tat org.junit.platform.engine.support.hierarchical.NodeTestTask.lambda$executeRecursively$6(NodeTestTask.java:151)\n\tat org.junit.platform.engine.support.hierarchical.ThrowableCollector.execute(ThrowableCollector.java:73)\n\tat org.junit.platform.engine.support.hierarchical.NodeTestTask.lambda$executeRecursively$8(NodeTestTask.java:141)\n\tat org.junit.platform.engine.support.hierarchical.Node.around(Node.java:137)\n\tat org.junit.platform.engine.support.hierarchical.NodeTestTask.lambda$executeRecursively$9(NodeTestTask.java:139)\n\tat org.junit.platform.engine.support.hierarchical.ThrowableCollector.execute(ThrowableCollector.java:73)\n\tat org.junit.platform.engine.support.hierarchical.NodeTestTask.executeRecursively(NodeTestTask.java:138)\n\tat org.junit.platform.engine.support.hierarchical.NodeTestTask.execute(NodeTestTask.java:95)\n\tat org.junit.platform.engine.support.hierarchical.ForkJoinPoolHierarchicalTestExecutorService$ExclusiveTask.compute(ForkJoinPoolHierarchicalTestExecutorService.java:202)\n\tat org.junit.platform.engine.support.hierarchical.ForkJoinPoolHierarchicalTestExecutorService.invokeAll(ForkJoinPoolHierarchicalTestExecutorService.java:146)\n\tat org.junit.platform.engine.support.hierarchical.NodeTestTask.lambda$executeRecursively$6(NodeTestTask.java:155)\n\tat org.junit.platform.engine.support.hierarchical.ThrowableCollector.execute(ThrowableCollector.java:73)\n\tat org.junit.platform.engine.support.hierarchical.NodeTestTask.lambda$executeRecursively$8(NodeTestTask.java:141)\n\tat org.junit.platform.engine.support.hierarchical.Node.around(Node.java:137)\n\tat org.junit.platform.engine.support.hierarchical.NodeTestTask.lambda$executeRecursively$9(NodeTestTask.java:139)\n\tat org.junit.platform.engine.support.hierarchical.ThrowableCollector.execute(ThrowableCollector.java:73)\n\tat org.junit.platform.engine.support.hierarchical.NodeTestTask.executeRecursively(NodeTestTask.java:138)\n\tat org.junit.platform.engine.support.hierarchical.NodeTestTask.execute(NodeTestTask.java:95)\n\tat org.junit.platform.engine.support.hierarchical.ForkJoinPoolHierarchicalTestExecutorService$ExclusiveTask.compute(ForkJoinPoolHierarchicalTestExecutorService.java:202)\n\tat org.junit.platform.engine.support.hierarchical.ForkJoinPoolHierarchicalTestExecutorService.invokeAll(ForkJoinPoolHierarchicalTestExecutorService.java:146)\n\tat org.junit.platform.engine.support.hierarchical.NodeTestTask.lambda$executeRecursively$6(NodeTestTask.java:155)\n\tat org.junit.platform.engine.support.hierarchical.ThrowableCollector.execute(ThrowableCollector.java:73)\n\tat org.junit.platform.engine.support.hierarchical.NodeTestTask.lambda$executeRecursively$8(NodeTestTask.java:141)\n\tat org.junit.platform.engine.support.hierarchical.Node.around(Node.java:137)\n\tat org.junit.platform.engine.support.hierarchical.NodeTestTask.lambda$executeRecursively$9(NodeTestTask.java:139)\n\tat org.junit.platform.engine.support.hierarchical.ThrowableCollector.execute(ThrowableCollector.java:73)\n\tat org.junit.platform.engine.support.hierarchical.NodeTestTask.executeRecursively(NodeTestTask.java:138)\n\tat org.junit.platform.engine.support.hierarchical.NodeTestTask.execute(NodeTestTask.java:95)\n\tat org.junit.platform.engine.support.hierarchical.ForkJoinPoolHierarchicalTestExecutorService$ExclusiveTask.compute(ForkJoinPoolHierarchicalTestExecutorService.java:202)\n\tat java.base/java.util.concurrent.RecursiveAction.exec(RecursiveAction.java:194)\n\tat java.base/java.util.concurrent.ForkJoinTask.doExec(ForkJoinTask.java:387)\n\tat java.base/java.util.concurrent.ForkJoinPool$WorkQueue.topLevelExec(ForkJoinPool.java:1312)\n\tat java.base/java.util.concurrent.ForkJoinPool.scan(ForkJoinPool.java:1843)\n\tat java.base/java.util.concurrent.ForkJoinPool.runWorker(ForkJoinPool.java:1808)\n\tat java.base/java.util.concurrent.ForkJoinWorkerThread.run(ForkJoinWorkerThread.java:188)\n"},"stage":"finished","steps":[{"name":"$(\"By.xpath: (//h2[text()= 'Address Details']\") should be(visible)","status":"broken","statusDetails":{"known":false,"muted":false,"flaky":false,"message":"invalid selector: Unable to locate an element with the xpath expression (//h2[text()= 'Address Details'] because of the following error:\nSyntaxError: Failed to execute 'evaluate' on 'Document': The string '(//h2[text()= 'Address Details']' is not a valid XPath expression.\n  (Session info: chrome=139.0.7258.128)\nFor documentation on this error, please visit: https://www.selenium.dev/documentation/webdriver/troubleshooting/errors#invalid-selector-exception\nBuild info: version: '4.30.0', revision: '509c7f17cc*'\nSystem info: os.name: 'Mac OS X', os.arch: 'aarch64', os.version: '15.1', java.version: '21.0.7'\nDriver info: org.openqa.selenium.chrome.ChromeDriver\nCommand: [6a9cf12a44314872bbe346ebbe01151e, findElement {using=xpath, value=(//h2[text()= 'Address Details']}]\nCapabilities {acceptInsecureCerts: true, browserName: chrome, browserVersion: 139.0.7258.128, chrome: {chromedriverVersion: 139.0.7258.138 (884e54ea8d4..., userDataDir: /var/folders/2g/w_6ch50d66b...}, fedcm:accounts: true, goog:chromeOptions: {debuggerAddress: localhost:60363}, networkConnectionEnabled: false, pageLoadStrategy: normal, platformName: mac, proxy: Proxy(), se:cdp: ws://localhost:60363/devtoo..., se:cdpVersion: 139.0.7258.128, setWindowRect: true, strictFileInteractability: false, timeouts: {implicit: 0, pageLoad: 300000, script: 30000}, unhandledPromptBehavior: accept, webauthn:extension:credBlob: true, webauthn:extension:largeBlob: true, webauthn:extension:minPinLength: true, webauthn:extension:prf: true, webauthn:virtualAuthenticators: true}\nSession ID: 6a9cf12a44314872bbe346ebbe01151e","trace":"org.openqa.selenium.InvalidSelectorException: invalid selector: Unable to locate an element with the xpath expression (//h2[text()= 'Address Details'] because of the following error:\nSyntaxError: Failed to execute 'evaluate' on 'Document': The string '(//h2[text()= 'Address Details']' is not a valid XPath expression.\n  (Session info: chrome=139.0.7258.128)\nFor documentation on this error, please visit: https://www.selenium.dev/documentation/webdriver/troubleshooting/errors#invalid-selector-exception\nBuild info: version: '4.30.0', revision: '509c7f17cc*'\nSystem info: os.name: 'Mac OS X', os.arch: 'aarch64', os.version: '15.1', java.version: '21.0.7'\nDriver info: org.openqa.selenium.chrome.ChromeDriver\nCommand: [6a9cf12a44314872bbe346ebbe01151e, findElement {using=xpath, value=(//h2[text()= 'Address Details']}]\nCapabilities {acceptInsecureCerts: true, browserName: chrome, browserVersion: 139.0.7258.128, chrome: {chromedriverVersion: 139.0.7258.138 (884e54ea8d4..., userDataDir: /var/folders/2g/w_6ch50d66b...}, fedcm:accounts: true, goog:chromeOptions: {debuggerAddress: localhost:60363}, networkConnectionEnabled: false, pageLoadStrategy: normal, platformName: mac, proxy: Proxy(), se:cdp: ws://localhost:60363/devtoo..., se:cdpVersion: 139.0.7258.128, setWindowRect: true, strictFileInteractability: false, timeouts: {implicit: 0, pageLoad: 300000, script: 30000}, unhandledPromptBehavior: accept, webauthn:extension:credBlob: true, webauthn:extension:largeBlob: true, webauthn:extension:minPinLength: true, webauthn:extension:prf: true, webauthn:virtualAuthenticators: true}\nSession ID: 6a9cf12a44314872bbe346ebbe01151e\n\tat java.base/jdk.internal.reflect.DirectConstructorHandleAccessor.newInstance(DirectConstructorHandleAccessor.java:62)\n\tat java.base/java.lang.reflect.Constructor.newInstanceWithCaller(Constructor.java:502)\n\tat java.base/java.lang.reflect.Constructor.newInstance(Constructor.java:486)\n\tat org.openqa.selenium.remote.ErrorCodec.decode(ErrorCodec.java:167)\n\tat org.openqa.selenium.remote.codec.w3c.W3CHttpResponseCodec.decode(W3CHttpResponseCodec.java:138)\n\tat org.openqa.selenium.remote.codec.w3c.W3CHttpResponseCodec.decode(W3CHttpResponseCodec.java:50)\n\tat org.openqa.selenium.remote.HttpCommandExecutor.execute(HttpCommandExecutor.java:215)\n\tat org.openqa.selenium.remote.service.DriverCommandExecutor.invokeExecute(DriverCommandExecutor.java:216)\n\tat org.openqa.selenium.remote.service.DriverCommandExecutor.execute(DriverCommandExecutor.java:174)\n\tat org.openqa.selenium.remote.RemoteWebDriver.execute(RemoteWebDriver.java:545)\n\tat org.openqa.selenium.remote.ElementLocation$ElementFinder$2.findElement(ElementLocation.java:165)\n\tat org.openqa.selenium.remote.ElementLocation.findElement(ElementLocation.java:59)\n\tat org.openqa.selenium.remote.RemoteWebDriver.findElement(RemoteWebDriver.java:368)\n\tat org.openqa.selenium.remote.RemoteWebDriver.findElement(RemoteWebDriver.java:362)\n\tat com.codeborne.selenide.impl.WebElementSelector.findElement(WebElementSelector.java:67)\n\tat com.codeborne.selenide.impl.WebElementSelector.findElement(WebElementSelector.java:38)\n\tat com.codeborne.selenide.impl.WebElementSelector.findElement(WebElementSelector.java:29)\n\tat com.codeborne.selenide.impl.ElementFinder.getWebElement(ElementFinder.java:113)\n\tat com.codeborne.selenide.impl.WebElementSource.checkConditionAndReturnElement(WebElementSource.java:112)\n\tat com.codeborne.selenide.impl.WebElementSource.checkCondition(WebElementSource.java:99)\n\tat com.codeborne.selenide.commands.Should.execute(Should.java:24)\n\tat com.codeborne.selenide.FluentCommand.execute(FluentCommand.java:27)\n\tat com.codeborne.selenide.FluentCommand.execute(FluentCommand.java:19)\n\tat com.codeborne.selenide.commands.Commands.execute(Commands.java:160)\n\tat com.codeborne.selenide.impl.SelenideElementProxy.dispatchAndRetry(SelenideElementProxy.java:131)\n\tat com.codeborne.selenide.impl.SelenideElementProxy.invoke(SelenideElementProxy.java:83)\n\tat jdk.proxy3/jdk.proxy3.$Proxy38.shouldBe(Unknown Source)\n\tat com.gucci.layers.web.page.selections.CartPage.verifyAddressDetailsText(CartPage.java:90)\n\tat PlaceOrderTest.registerWhileCheckout(PlaceOrderTest.java:42)\n\tat java.base/jdk.internal.reflect.DirectMethodHandleAccessor.invoke(DirectMethodHandleAccessor.java:103)\n\tat java.base/java.lang.reflect.Method.invoke(Method.java:580)\n\tat org.junit.platform.commons.util.ReflectionUtils.invokeMethod(ReflectionUtils.java:728)\n\tat org.junit.jupiter.engine.execution.MethodInvocation.proceed(MethodInvocation.java:60)\n\tat org.junit.jupiter.engine.execution.InvocationInterceptorChain$ValidatingInvocation.proceed(InvocationInterceptorChain.java:131)\n\tat org.junit.jupiter.api.extension.InvocationInterceptor.interceptTestMethod(InvocationInterceptor.java:119)\n\tat org.junit.jupiter.engine.execution.InterceptingExecutableInvoker$ReflectiveInterceptorCall.lambda$ofVoidMethod$0(InterceptingExecutableInvoker.java:103)\n\tat org.junit.jupiter.engine.execution.InterceptingExecutableInvoker.lambda$invoke$0(InterceptingExecutableInvoker.java:93)\n\tat org.junit.jupiter.engine.execution.InvocationInterceptorChain$InterceptedInvocation.proceed(InvocationInterceptorChain.java:106)\n\tat org.junit.jupiter.engine.extension.TimeoutExtension.intercept(TimeoutExtension.java:156)\n\tat org.junit.jupiter.engine.extension.TimeoutExtension.interceptTestableMethod(TimeoutExtension.java:147)\n\tat org.junit.jupiter.engine.extension.TimeoutExtension.interceptTestMethod(TimeoutExtension.java:86)\n\tat org.junit.jupiter.engine.execution.InterceptingExecutableInvoker$ReflectiveInterceptorCall.lambda$ofVoidMethod$0(InterceptingExecutableInvoker.java:103)\n\tat org.junit.jupiter.engine.execution.InterceptingExecutableInvoker.lambda$invoke$0(InterceptingExecutableInvoker.java:93)\n\tat org.junit.jupiter.engine.execution.InvocationInterceptorChain$InterceptedInvocation.proceed(InvocationInterceptorChain.java:106)\n\tat org.junit.jupiter.engine.execution.InvocationInterceptorChain.proceed(InvocationInterceptorChain.java:64)\n\tat org.junit.jupiter.engine.execution.InvocationInterceptorChain.chainAndInvoke(InvocationInterceptorChain.java:45)\n\tat org.junit.jupiter.engine.execution.InvocationInterceptorChain.invoke(InvocationInterceptorChain.java:37)\n\tat org.junit.jupiter.engine.execution.InterceptingExecutableInvoker.invoke(InterceptingExecutableInvoker.java:92)\n\tat org.junit.jupiter.engine.execution.InterceptingExecutableInvoker.invoke(InterceptingExecutableInvoker.java:86)\n\tat org.junit.jupiter.engine.descriptor.TestMethodTestDescriptor.lambda$invokeTestMethod$7(TestMethodTestDescriptor.java:218)\n\tat org.junit.platform.engine.support.hierarchical.ThrowableCollector.execute(ThrowableCollector.java:73)\n\tat org.junit.jupiter.engine.descriptor.TestMethodTestDescriptor.invokeTestMethod(TestMethodTestDescriptor.java:214)\n\tat org.junit.jupiter.engine.descriptor.TestMethodTestDescriptor.execute(TestMethodTestDescriptor.java:139)\n\tat org.junit.jupiter.engine.descriptor.TestMethodTestDescriptor.execute(TestMethodTestDescriptor.java:69)\n\tat org.junit.platform.engine.support.hierarchical.NodeTestTask.lambda$executeRecursively$6(NodeTestTask.java:151)\n\tat org.junit.platform.engine.support.hierarchical.ThrowableCollector.execute(ThrowableCollector.java:73)\n\tat org.junit.platform.engine.support.hierarchical.NodeTestTask.lambda$executeRecursively$8(NodeTestTask.java:141)\n\tat org.junit.platform.engine.support.hierarchical.Node.around(Node.java:137)\n\tat org.junit.platform.engine.support.hierarchical.NodeTestTask.lambda$executeRecursively$9(NodeTestTask.java:139)\n\tat org.junit.platform.engine.support.hierarchical.ThrowableCollector.execute(ThrowableCollector.java:73)\n\tat org.junit.platform.engine.support.hierarchical.NodeTestTask.executeRecursively(NodeTestTask.java:138)\n\tat org.junit.platform.engine.support.hierarchical.NodeTestTask.execute(NodeTestTask.java:95)\n\tat org.junit.platform.engine.support.hierarchical.ForkJoinPoolHierarchicalTestExecutorService$ExclusiveTask.compute(ForkJoinPoolHierarchicalTestExecutorService.java:202)\n\tat org.junit.platform.engine.support.hierarchical.ForkJoinPoolHierarchicalTestExecutorService.invokeAll(ForkJoinPoolHierarchicalTestExecutorService.java:146)\n\tat org.junit.platform.engine.support.hierarchical.NodeTestTask.lambda$executeRecursively$6(NodeTestTask.java:155)\n\tat org.junit.platform.engine.support.hierarchical.ThrowableCollector.execute(ThrowableCollector.java:73)\n\tat org.junit.platform.engine.support.hierarchical.NodeTestTask.lambda$executeRecursively$8(NodeTestTask.java:141)\n\tat org.junit.platform.engine.support.hierarchical.Node.around(Node.java:137)\n\tat org.junit.platform.engine.support.hierarchical.NodeTestTask.lambda$executeRecursively$9(NodeTestTask.java:139)\n\tat org.junit.platform.engine.support.hierarchical.ThrowableCollector.execute(ThrowableCollector.java:73)\n\tat org.junit.platform.engine.support.hierarchical.NodeTestTask.executeRecursively(NodeTestTask.java:138)\n\tat org.junit.platform.engine.support.hierarchical.NodeTestTask.execute(NodeTestTask.java:95)\n\tat org.junit.platform.engine.support.hierarchical.ForkJoinPoolHierarchicalTestExecutorService$ExclusiveTask.compute(ForkJoinPoolHierarchicalTestExecutorService.java:202)\n\tat org.junit.platform.engine.support.hierarchical.ForkJoinPoolHierarchicalTestExecutorService.invokeAll(ForkJoinPoolHierarchicalTestExecutorService.java:146)\n\tat org.junit.platform.engine.support.hierarchical.NodeTestTask.lambda$executeRecursively$6(NodeTestTask.java:155)\n\tat org.junit.platform.engine.support.hierarchical.ThrowableCollector.execute(ThrowableCollector.java:73)\n\tat org.junit.platform.engine.support.hierarchical.NodeTestTask.lambda$executeRecursively$8(NodeTestTask.java:141)\n\tat org.junit.platform.engine.support.hierarchical.Node.around(Node.java:137)\n\tat org.junit.platform.engine.support.hierarchical.NodeTestTask.lambda$executeRecursively$9(NodeTestTask.java:139)\n\tat org.junit.platform.engine.support.hierarchical.ThrowableCollector.execute(ThrowableCollector.java:73)\n\tat org.junit.platform.engine.support.hierarchical.NodeTestTask.executeRecursively(NodeTestTask.java:138)\n\tat org.junit.platform.engine.support.hierarchical.NodeTestTask.execute(NodeTestTask.java:95)\n\tat org.junit.platform.engine.support.hierarchical.ForkJoinPoolHierarchicalTestExecutorService$ExclusiveTask.compute(ForkJoinPoolHierarchicalTestExecutorService.java:202)\n\tat java.base/java.util.concurrent.RecursiveAction.exec(RecursiveAction.java:194)\n\tat java.base/java.util.concurrent.ForkJoinTask.doExec(ForkJoinTask.java:387)\n\tat java.base/java.util.concurrent.ForkJoinPool$WorkQueue.topLevelExec(ForkJoinPool.java:1312)\n\tat java.base/java.util.concurrent.ForkJoinPool.scan(ForkJoinPool.java:1843)\n\tat java.base/java.util.concurrent.ForkJoinPool.runWorker(ForkJoinPool.java:1808)\n\tat java.base/java.util.concurrent.ForkJoinWorkerThread.run(ForkJoinWorkerThread.java:188)\n"},"stage":"finished","steps":[],"attachments":[{"name":"Screenshot","source":"4b2a152b-1099-424c-ba9d-5d0b1cd6ad03-attachment.png","type":"image/png"},{"name":"Page source","source":"b2f02901-a601-4542-a57b-187d35e0062c-attachment.html","type":"text/html"}],"parameters":[],"start":1755796345420,"stop":1755796345728}],"attachments":[],"parameters":[],"start":1755796345420,"stop":1755796345728}],"attachments":[],"parameters":[],"start":1755796315736,"stop":1755796345746}